arxiv-picker.swift:3618:16: warning: unnecessary check for 'macOS'; enclosing scope ensures guard will always be true
 3602 |         // The pill's animations are driven by masks/strokes on this view's layer, so only the
 3603 |         // underlying background implementation changes.
 3604 |         if #available(macOS 26.0, *) {
      |         `- note: enclosing scope here
 3605 |             let v = PassthroughGlassEffectView(frame: .zero)
 3606 |             v.style = .regular
      :
 3616 |             v.wantsLayer = true
 3617 |             v.layer?.masksToBounds = true
 3618 |             if #available(macOS 10.13, *) {
      |                `- warning: unnecessary check for 'macOS'; enclosing scope ensures guard will always be true
 3619 |                 v.layer?.cornerCurve = .continuous
 3620 |             }

arxiv-picker.swift:10438:20: warning: unnecessary check for 'macOS'; enclosing scope ensures guard will always be true
10416 |         } else {
10417 |             // Use a passthrough glass/effect view so the titlebar reads like the same surface as the search bar.
10418 |             if #available(macOS 26.0, *) {
      |             `- note: enclosing scope here
10419 |                 let v = PassthroughGlassEffectView(frame: titlebarContainer.bounds)
10420 |                 v.translatesAutoresizingMaskIntoConstraints = false
      :
10436 |                 v.wantsLayer = true
10437 |                 v.layer?.masksToBounds = true
10438 |                 if #available(macOS 10.13, *) { v.layer?.cornerCurve = .continuous }
      |                    `- warning: unnecessary check for 'macOS'; enclosing scope ensures guard will always be true
10439 |                 // Match the search bar's fallback material choices.
10440 |                 v.material = currentSearchBarTheme().fallbackMaterial

arxiv-picker.swift:20305:14: warning: weak variable 'weakController' was never mutated; consider changing to 'let' constant [#WeakMutability]
20303 | 
20304 | if ProcessInfo.processInfo.environment["ARXIV_UI_DEBUG"] == "1" {
20305 |     weak var weakController = controller
      |              `- warning: weak variable 'weakController' was never mutated; consider changing to 'let' constant [#WeakMutability]
20306 |     DispatchQueue.main.asyncAfter(deadline: .now() + 1.0) {
20307 |         let window = weakController?.window

arxiv-picker.swift:20315:14: warning: weak variable 'weakController' was never mutated; consider changing to 'let' constant [#WeakMutability]
20313 | 
20314 | if launchDebugEnabled {
20315 |     weak var weakController = controller
      |              `- warning: weak variable 'weakController' was never mutated; consider changing to 'let' constant [#WeakMutability]
20316 |     DispatchQueue.main.asyncAfter(deadline: .now() + 1.0) {
20317 |         let window = weakController?.window

arxiv-picker.swift:264:29: warning: 'current' was deprecated in macOS 12.0: Use -performAsCurrentDrawingAppearance: to temporarily set the drawing appearance, or +currentDrawingAppearance to access the currently drawing appearance. [#DeprecatedDeclaration]
  262 |         let appearanceName = snapshot().nsAppearanceName
  263 |         let appearance = NSAppearance(named: appearanceName)
  264 |             ?? NSAppearance.current
      |                             `- warning: 'current' was deprecated in macOS 12.0: Use -performAsCurrentDrawingAppearance: to temporarily set the drawing appearance, or +currentDrawingAppearance to access the currently drawing appearance. [#DeprecatedDeclaration]
  265 |             ?? NSAppearance(named: .aqua)
  266 |             ?? NSAppearance(named: .darkAqua)

arxiv-picker.swift:347:15: warning: 'disableScreenUpdatesUntilFlush()' was deprecated in macOS 15.0: This method does not do anything and should not be called. [#DeprecatedDeclaration]
  345 |         let windows = NSApp.windows
  346 |         for w in windows {
  347 |             w.disableScreenUpdatesUntilFlush()
      |               `- warning: 'disableScreenUpdatesUntilFlush()' was deprecated in macOS 15.0: This method does not do anything and should not be called. [#DeprecatedDeclaration]
  348 |         }
  349 | 

arxiv-picker.swift:323:13: warning: variable 'oldSnapshot' was written to, but never read
  321 | 
  322 |         var newSnapshot: AppearanceSnapshot?
  323 |         var oldSnapshot: AppearanceSnapshot?
      |             `- warning: variable 'oldSnapshot' was written to, but never read
  324 | 
  325 |         lock.lock()

arxiv-picker.swift:415:25: warning: 'current' was deprecated in macOS 12.0: Use -performAsCurrentDrawingAppearance: to temporarily set the drawing appearance, or +currentDrawingAppearance to access the currently drawing appearance. [#DeprecatedDeclaration]
  413 |     let name = AppearanceManager.shared.snapshot().nsAppearanceName
  414 |     return NSAppearance(named: name)
  415 |         ?? NSAppearance.current
      |                         `- warning: 'current' was deprecated in macOS 12.0: Use -performAsCurrentDrawingAppearance: to temporarily set the drawing appearance, or +currentDrawingAppearance to access the currently drawing appearance. [#DeprecatedDeclaration]
  416 |         ?? NSAppearance(named: .aqua)
  417 |         ?? NSAppearance(named: .darkAqua)

arxiv-picker.swift:654:22: warning: 'CVDisplayLinkCreateWithActiveCGDisplays' was deprecated in macOS 15.0: use NSView.displayLink(target:selector:), NSWindow.displayLink(target:selector:), or NSScreen.displayLink(target:selector:)  [#DeprecatedDeclaration]
  652 | 
  653 |         var link: CVDisplayLink?
  654 |         let result = CVDisplayLinkCreateWithActiveCGDisplays(&link)
      |                      `- warning: 'CVDisplayLinkCreateWithActiveCGDisplays' was deprecated in macOS 15.0: use NSView.displayLink(target:selector:), NSWindow.displayLink(target:selector:), or NSScreen.displayLink(target:selector:)  [#DeprecatedDeclaration]
  655 |         guard result == kCVReturnSuccess, let created = link else {
  656 |             os_log("CVDisplayLinkCreate failed=%d", log: log, type: .error, result)

arxiv-picker.swift:670:9: warning: 'CVDisplayLinkSetOutputCallback' was deprecated in macOS 15.0: use NSView.displayLink(target:selector:), NSWindow.displayLink(target:selector:), or NSScreen.displayLink(target:selector:)  [#DeprecatedDeclaration]
  668 |         }
  669 | 
  670 |         CVDisplayLinkSetOutputCallback(created, callback, Unmanaged.passUnretained(self).toOpaque())
      |         `- warning: 'CVDisplayLinkSetOutputCallback' was deprecated in macOS 15.0: use NSView.displayLink(target:selector:), NSWindow.displayLink(target:selector:), or NSScreen.displayLink(target:selector:)  [#DeprecatedDeclaration]
  671 |         CVDisplayLinkStart(created)
  672 | 

arxiv-picker.swift:671:9: warning: 'CVDisplayLinkStart' was deprecated in macOS 15.0: use NSView.displayLink(target:selector:), NSWindow.displayLink(target:selector:), or NSScreen.displayLink(target:selector:)  [#DeprecatedDeclaration]
  669 | 
  670 |         CVDisplayLinkSetOutputCallback(created, callback, Unmanaged.passUnretained(self).toOpaque())
  671 |         CVDisplayLinkStart(created)
      |         `- warning: 'CVDisplayLinkStart' was deprecated in macOS 15.0: use NSView.displayLink(target:selector:), NSWindow.displayLink(target:selector:), or NSScreen.displayLink(target:selector:)  [#DeprecatedDeclaration]
  672 | 
  673 |         lock.lock()

arxiv-picker.swift:685:9: warning: 'CVDisplayLinkStop' was deprecated in macOS 15.0: use NSView.displayLink(target:selector:), NSWindow.displayLink(target:selector:), or NSScreen.displayLink(target:selector:)  [#DeprecatedDeclaration]
  683 |         displayLink = nil
  684 |         lock.unlock()
  685 |         CVDisplayLinkStop(link)
      |         `- warning: 'CVDisplayLinkStop' was deprecated in macOS 15.0: use NSView.displayLink(target:selector:), NSWindow.displayLink(target:selector:), or NSScreen.displayLink(target:selector:)  [#DeprecatedDeclaration]
  686 |     }
  687 | }

arxiv-picker.swift:8056:60: warning: 'selectedMenuItemColor' was deprecated in macOS 11.0: Use NSVisualEffectMaterialSelection [#DeprecatedDeclaration]
 8054 |         let enabled = menuItem?.isEnabled ?? true
 8055 |         let active = enabled && (isHovering || isMenuHighlighted)
 8056 |         let highlightColor = active ? resolvedSystemColor(.selectedMenuItemColor) : .clear
      |                                                            `- warning: 'selectedMenuItemColor' was deprecated in macOS 11.0: Use NSVisualEffectMaterialSelection [#DeprecatedDeclaration]
 8057 | 
 8058 |         CATransaction.begin()

arxiv-picker.swift:15912:34: warning: use '#selector' instead of explicitly constructing a 'Selector'
15910 | 
15911 |             // Some PDFKit internal views respond to KVC backgroundColor.
15912 |             if view.responds(to: Selector(("setBackgroundColor:"))) {
      |                                  `- warning: use '#selector' instead of explicitly constructing a 'Selector'
15913 |                 view.setValue(bg, forKey: "backgroundColor")
15914 |             }

2026-01-05 11:24:50.032 swift-frontend[89767:10592478] [PDFEager] cache_dir=/var/folders/p5/s6c93d_s38j4sy11sd_js3s40000gn/T/appCache/pdfs/session-9F1C0443-67C9-466E-82E7-48659442598F concurrent=8
2026-01-05 11:24:58.129 swift-frontend[89767:10592478] [PDFSelectDebug] down loc=380.2,602.5 isShowingPDF=false loadingHidden=true hit=SplitDividerHandleView frame=372,32 14x745 hidden=false inPDF=false selLen=0 selPages=0 chain=SplitDividerHandleView -> NSView -> NSThemeFrame
2026-01-05 11:24:58.286 swift-frontend[89767:10592478] [PDFSelectDebug] drag loc=380.5,602.5 hit=SplitDividerHandleView frame=372,32 14x745 hidden=false inPDF=false selLen=0
2026-01-05 11:24:58.295 swift-frontend[89767:10592478] [PDFSelectDebug] drag loc=381.5,602.5 hit=SplitDividerHandleView frame=372,32 14x745 hidden=false inPDF=false selLen=0
2026-01-05 11:24:58.311 swift-frontend[89767:10592478] [PDFSelectDebug] drag loc=390.1,602.5 hit=NSView frame=0,0 1080x745 hidden=false inPDF=false selLen=0
2026-01-05 11:24:58.328 swift-frontend[89767:10592478] [PDFSelectDebug] drag loc=410.2,601.9 hit=NSView frame=0,0 1070x745 hidden=false inPDF=false selLen=0
2026-01-05 11:24:58.341 swift-frontend[89767:10592478] [PDFSelectDebug] drag loc=424.8,601.2 hit=NSView frame=0,0 1050x745 hidden=false inPDF=false selLen=0
2026-01-05 11:24:58.356 swift-frontend[89767:10592478] [PDFSelectDebug] drag loc=442.0,600.4 hit=NSView frame=0,0 1035x745 hidden=false inPDF=false selLen=0
2026-01-05 11:24:58.365 swift-frontend[89767:10592478] [PDFSelectDebug] drag loc=512.2,598.0 hit=NSView frame=0,0 1018x745 hidden=false inPDF=false selLen=0
2026-01-05 11:24:58.386 swift-frontend[89767:10592478] [PDFSelectDebug] drag loc=552.4,598.0 hit=NSView frame=0,0 948x745 hidden=false inPDF=false selLen=0
2026-01-05 11:24:58.395 swift-frontend[89767:10592478] [PDFSelectDebug] drag loc=570.3,598.0 hit=NSView frame=0,0 908x745 hidden=false inPDF=false selLen=0
2026-01-05 11:24:58.405 swift-frontend[89767:10592478] [PDFSelectDebug] drag loc=587.2,598.0 hit=NSView frame=0,0 890x745 hidden=false inPDF=false selLen=0
2026-01-05 11:24:58.414 swift-frontend[89767:10592478] [PDFSelectDebug] drag loc=608.1,597.3 hit=NSView frame=0,0 873x745 hidden=false inPDF=false selLen=0
2026-01-05 11:24:58.422 swift-frontend[89767:10592478] [PDFSelectDebug] drag loc=627.1,595.9 hit=NSView frame=0,0 852x745 hidden=false inPDF=false selLen=0
2026-01-05 11:24:58.431 swift-frontend[89767:10592478] [PDFSelectDebug] drag loc=639.4,594.6 hit=NSView frame=0,0 833x745 hidden=false inPDF=false selLen=0
2026-01-05 11:24:58.440 swift-frontend[89767:10592478] [PDFSelectDebug] drag loc=645.6,594.0 hit=NSView frame=0,0 821x745 hidden=false inPDF=false selLen=0
2026-01-05 11:24:58.452 swift-frontend[89767:10592478] [PDFSelectDebug] drag loc=660.2,592.5 hit=NSView frame=0,0 814x745 hidden=false inPDF=false selLen=0
2026-01-05 11:24:58.461 swift-frontend[89767:10592478] [PDFSelectDebug] drag loc=667.8,591.9 hit=NSView frame=0,0 800x745 hidden=false inPDF=false selLen=0
2026-01-05 11:24:58.469 swift-frontend[89767:10592478] [PDFSelectDebug] drag loc=678.2,591.2 hit=NSView frame=0,0 792x745 hidden=false inPDF=false selLen=0
2026-01-05 11:24:58.477 swift-frontend[89767:10592478] [PDFSelectDebug] drag loc=687.7,590.5 hit=NSView frame=0,0 782x745 hidden=false inPDF=false selLen=0
2026-01-05 11:24:58.486 swift-frontend[89767:10592478] [PDFSelectDebug] drag loc=693.8,590.1 hit=NSView frame=0,0 772x745 hidden=false inPDF=false selLen=0
2026-01-05 11:24:58.494 swift-frontend[89767:10592478] [PDFSelectDebug] drag loc=699.1,589.6 hit=SplitDividerHandleView frame=685,32 14x745 hidden=false inPDF=false selLen=0
2026-01-05 11:24:58.505 swift-frontend[89767:10592478] [PDFSelectDebug] drag loc=703.6,589.6 hit=SplitDividerHandleView frame=691,32 14x745 hidden=false inPDF=false selLen=0
2026-01-05 11:24:58.514 swift-frontend[89767:10592478] [PDFSelectDebug] drag loc=713.0,589.2 hit=NSView frame=0,0 756x745 hidden=false inPDF=false selLen=0
2026-01-05 11:24:58.522 swift-frontend[89767:10592478] [PDFSelectDebug] drag loc=717.9,588.9 hit=SplitDividerHandleView frame=705,32 14x745 hidden=false inPDF=false selLen=0
2026-01-05 11:24:58.531 swift-frontend[89767:10592478] [PDFSelectDebug] drag loc=722.0,588.8 hit=SplitDividerHandleView frame=709,32 14x745 hidden=false inPDF=false selLen=0
2026-01-05 11:24:58.540 swift-frontend[89767:10592478] [PDFSelectDebug] drag loc=725.7,588.5 hit=SplitDividerHandleView frame=714,32 14x745 hidden=false inPDF=false selLen=0
2026-01-05 11:24:58.548 swift-frontend[89767:10592478] [PDFSelectDebug] drag loc=728.6,588.2 hit=SplitDividerHandleView frame=717,32 14x745 hidden=false inPDF=false selLen=0
2026-01-05 11:24:58.556 swift-frontend[89767:10592478] [PDFSelectDebug] drag loc=730.7,587.9 hit=SplitDividerHandleView frame=720,32 14x745 hidden=false inPDF=false selLen=0
2026-01-05 11:24:58.565 swift-frontend[89767:10592478] [PDFSelectDebug] drag loc=731.9,587.7 hit=SplitDividerHandleView frame=722,32 14x745 hidden=false inPDF=false selLen=0
2026-01-05 11:24:58.573 swift-frontend[89767:10592478] [PDFSelectDebug] drag loc=732.9,587.7 hit=SplitDividerHandleView frame=723,32 14x745 hidden=false inPDF=false selLen=0
2026-01-05 11:24:58.581 swift-frontend[89767:10592478] [PDFSelectDebug] drag loc=733.5,587.7 hit=SplitDividerHandleView frame=724,32 14x745 hidden=false inPDF=false selLen=0
2026-01-05 11:24:58.589 swift-frontend[89767:10592478] [PDFSelectDebug] drag loc=733.9,587.7 hit=SplitDividerHandleView frame=725,32 14x745 hidden=false inPDF=false selLen=0
2026-01-05 11:24:58.598 swift-frontend[89767:10592478] [PDFSelectDebug] drag loc=734.3,587.5 hit=SplitDividerHandleView frame=726,32 14x745 hidden=false inPDF=false selLen=0
2026-01-05 11:24:58.619 swift-frontend[89767:10592478] [PDFSelectDebug] drag loc=734.6,587.4 hit=SplitDividerHandleView frame=726,32 14x745 hidden=false inPDF=false selLen=0
2026-01-05 11:24:58.630 swift-frontend[89767:10592478] [PDFSelectDebug] drag loc=734.8,587.4 hit=SplitDividerHandleView frame=726,32 14x745 hidden=false inPDF=false selLen=0
2026-01-05 11:24:58.644 swift-frontend[89767:10592478] [PDFSelectDebug] drag loc=735.5,587.4 hit=SplitDividerHandleView frame=726,32 14x745 hidden=false inPDF=false selLen=0
2026-01-05 11:24:58.653 swift-frontend[89767:10592478] [PDFSelectDebug] drag loc=735.9,587.4 hit=SplitDividerHandleView frame=727,32 14x745 hidden=false inPDF=false selLen=0
2026-01-05 11:24:58.665 swift-frontend[89767:10592478] [PDFSelectDebug] drag loc=736.3,587.4 hit=SplitDividerHandleView frame=727,32 14x745 hidden=false inPDF=false selLen=0
2026-01-05 11:24:58.674 swift-frontend[89767:10592478] [PDFSelectDebug] drag loc=738.1,587.4 hit=SplitDividerHandleView frame=728,32 14x745 hidden=false inPDF=false selLen=0
2026-01-05 11:24:58.694 swift-frontend[89767:10592478] [PDFSelectDebug] drag loc=742.7,587.4 hit=SplitDividerHandleView frame=730,32 14x745 hidden=false inPDF=false selLen=0
2026-01-05 11:24:58.704 swift-frontend[89767:10592478] [PDFSelectDebug] drag loc=745.5,587.4 hit=SplitDividerHandleView frame=734,32 14x745 hidden=false inPDF=false selLen=0
2026-01-05 11:24:58.718 swift-frontend[89767:10592478] [PDFSelectDebug] drag loc=748.4,587.4 hit=SplitDividerHandleView frame=737,32 14x745 hidden=false inPDF=false selLen=0
2026-01-05 11:24:58.730 swift-frontend[89767:10592478] [PDFSelectDebug] drag loc=753.2,587.8 hit=SplitDividerHandleView frame=740,32 14x745 hidden=false inPDF=false selLen=0
2026-01-05 11:24:58.741 swift-frontend[89767:10592478] [PDFSelectDebug] drag loc=764.4,590.6 hit=NSView frame=0,0 707x745 hidden=false inPDF=false selLen=0
2026-01-05 11:24:58.752 swift-frontend[89767:10592478] [PDFSelectDebug] drag loc=778.5,593.1 hit=NSView frame=0,0 696x745 hidden=false inPDF=false selLen=0
2026-01-05 11:24:58.769 swift-frontend[89767:10592478] [PDFSelectDebug] drag loc=788.6,594.2 hit=NSView frame=0,0 681x745 hidden=false inPDF=false selLen=0
2026-01-05 11:24:58.781 swift-frontend[89767:10592478] [PDFSelectDebug] drag loc=812.1,595.8 hit=NSView frame=0,0 671x745 hidden=false inPDF=false selLen=0
2026-01-05 11:24:58.805 swift-frontend[89767:10592478] [PDFSelectDebug] drag loc=843.4,597.0 hit=NSView frame=0,0 648x745 hidden=false inPDF=false selLen=0
2026-01-05 11:24:58.830 swift-frontend[89767:10592478] [PDFSelectDebug] drag loc=876.6,598.2 hit=NSView frame=0,0 617x745 hidden=false inPDF=false selLen=0
2026-01-05 11:24:58.849 swift-frontend[89767:10592478] [PDFSelectDebug] drag loc=884.6,598.2 hit=NSView frame=0,0 583x745 hidden=false inPDF=false selLen=0
2026-01-05 11:24:58.862 swift-frontend[89767:10592478] [PDFSelectDebug] drag loc=899.8,598.2 hit=NSView frame=0,0 575x745 hidden=false inPDF=false selLen=0
2026-01-05 11:24:58.870 swift-frontend[89767:10592478] [PDFSelectDebug] drag loc=906.2,598.2 hit=NSView frame=0,0 560x745 hidden=false inPDF=false selLen=0
2026-01-05 11:24:58.880 swift-frontend[89767:10592478] [PDFSelectDebug] drag loc=912.5,598.2 hit=NSView frame=0,0 554x745 hidden=false inPDF=false selLen=0
2026-01-05 11:24:58.894 swift-frontend[89767:10592478] [PDFSelectDebug] drag loc=922.0,598.2 hit=NSView frame=0,0 547x745 hidden=false inPDF=false selLen=0
2026-01-05 11:24:58.908 swift-frontend[89767:10592478] [PDFSelectDebug] drag loc=929.7,599.4 hit=NSView frame=0,0 538x745 hidden=false inPDF=false selLen=0
2026-01-05 11:24:58.922 swift-frontend[89767:10592478] [PDFSelectDebug] drag loc=936.8,600.4 hit=NSView frame=0,0 530x745 hidden=false inPDF=false selLen=0
2026-01-05 11:24:58.931 swift-frontend[89767:10592478] [PDFSelectDebug] drag loc=940.1,600.6 hit=SplitDividerHandleView frame=928,32 14x745 hidden=false inPDF=false selLen=0
2026-01-05 11:24:58.945 swift-frontend[89767:10592478] [PDFSelectDebug] drag loc=946.1,601.6 hit=NSView frame=0,0 520x745 hidden=false inPDF=false selLen=0
2026-01-05 11:24:58.960 swift-frontend[89767:10592478] [PDFSelectDebug] drag loc=949.8,601.7 hit=SplitDividerHandleView frame=938,32 14x745 hidden=false inPDF=false selLen=0
2026-01-05 11:24:58.975 swift-frontend[89767:10592478] [PDFSelectDebug] drag loc=953.2,602.1 hit=SplitDividerHandleView frame=941,32 14x745 hidden=false inPDF=false selLen=0
2026-01-05 11:24:58.986 swift-frontend[89767:10592478] [PDFSelectDebug] drag loc=959.9,602.4 hit=NSView frame=0,0 507x745 hidden=false inPDF=false selLen=0
2026-01-05 11:24:59.000 swift-frontend[89767:10592478] [PDFSelectDebug] drag loc=965.7,603.4 hit=NSView frame=0,0 500x745 hidden=false inPDF=false selLen=0
2026-01-05 11:24:59.013 swift-frontend[89767:10592478] [PDFSelectDebug] drag loc=970.9,604.7 hit=SplitDividerHandleView frame=957,32 14x745 hidden=false inPDF=false selLen=0
2026-01-05 11:24:59.027 swift-frontend[89767:10592478] [PDFSelectDebug] drag loc=973.5,605.3 hit=SplitDividerHandleView frame=962,32 14x745 hidden=false inPDF=false selLen=0
2026-01-05 11:24:59.041 swift-frontend[89767:10592478] [PDFSelectDebug] drag loc=978.9,607.3 hit=SplitDividerHandleView frame=965,32 14x745 hidden=false inPDF=false selLen=0
2026-01-05 11:24:59.054 swift-frontend[89767:10592478] [PDFSelectDebug] drag loc=984.1,608.6 hit=SplitDividerHandleView frame=970,32 14x745 hidden=false inPDF=false selLen=0
2026-01-05 11:24:59.073 swift-frontend[89767:10592478] [PDFSelectDebug] drag loc=986.1,609.2 hit=SplitDividerHandleView frame=976,32 14x745 hidden=false inPDF=false selLen=0
2026-01-05 11:24:59.086 swift-frontend[89767:10592478] [PDFSelectDebug] drag loc=991.6,610.7 hit=SplitDividerHandleView frame=978,32 14x745 hidden=false inPDF=false selLen=0
2026-01-05 11:24:59.098 swift-frontend[89767:10592478] [PDFSelectDebug] drag loc=992.9,610.9 hit=SplitDividerHandleView frame=983,32 14x745 hidden=false inPDF=false selLen=0
2026-01-05 11:24:59.121 swift-frontend[89767:10592478] [PDFSelectDebug] drag loc=997.2,611.7 hit=SplitDividerHandleView frame=984,32 14x745 hidden=false inPDF=false selLen=0
2026-01-05 11:24:59.140 swift-frontend[89767:10592478] [PDFSelectDebug] drag loc=999.3,612.2 hit=SplitDividerHandleView frame=989,32 14x745 hidden=false inPDF=false selLen=0
2026-01-05 11:24:59.153 swift-frontend[89767:10592478] [PDFSelectDebug] drag loc=1002.7,613.1 hit=SplitDividerHandleView frame=991,32 14x745 hidden=false inPDF=false selLen=0
2026-01-05 11:24:59.165 swift-frontend[89767:10592478] [PDFSelectDebug] drag loc=1007.0,614.3 hit=SplitDividerHandleView frame=994,32 14x745 hidden=false inPDF=false selLen=0
2026-01-05 11:24:59.174 swift-frontend[89767:10592478] [PDFSelectDebug] drag loc=1009.6,615.0 hit=SplitDividerHandleView frame=999,32 14x745 hidden=false inPDF=false selLen=0
2026-01-05 11:24:59.188 swift-frontend[89767:10592478] [PDFSelectDebug] drag loc=1012.2,615.6 hit=SplitDividerHandleView frame=1001,32 14x745 hidden=false inPDF=false selLen=0
2026-01-05 11:24:59.203 swift-frontend[89767:10592478] [PDFSelectDebug] drag loc=1017.4,616.9 hit=SplitDividerHandleView frame=1004,32 14x745 hidden=false inPDF=false selLen=0
2026-01-05 11:24:59.214 swift-frontend[89767:10592478] [PDFSelectDebug] drag loc=1022.0,618.1 hit=SplitDividerHandleView frame=1009,32 14x745 hidden=false inPDF=false selLen=0
2026-01-05 11:24:59.231 swift-frontend[89767:10592478] [PDFSelectDebug] drag loc=1023.7,618.5 hit=SplitDividerHandleView frame=1014,32 14x745 hidden=false inPDF=false selLen=0
2026-01-05 11:24:59.245 swift-frontend[89767:10592478] [PDFSelectDebug] drag loc=1029.3,620.2 hit=SplitDividerHandleView frame=1015,32 14x745 hidden=false inPDF=false selLen=0
2026-01-05 11:24:59.257 swift-frontend[89767:10592478] [PDFSelectDebug] drag loc=1030.7,620.5 hit=SplitDividerHandleView frame=1021,32 14x745 hidden=false inPDF=false selLen=0
2026-01-05 11:24:59.265 swift-frontend[89767:10592478] [PDFSelectDebug] drag loc=1032.0,620.8 hit=SplitDividerHandleView frame=1022,32 14x745 hidden=false inPDF=false selLen=0
2026-01-05 11:24:59.277 swift-frontend[89767:10592478] [PDFSelectDebug] drag loc=1032.8,621.0 hit=SplitDividerHandleView frame=1024,32 14x745 hidden=false inPDF=false selLen=0
2026-01-05 11:24:59.290 swift-frontend[89767:10592478] [PDFSelectDebug] drag loc=1033.3,621.2 hit=SplitDividerHandleView frame=1024,32 14x745 hidden=false inPDF=false selLen=0
2026-01-05 11:24:59.305 swift-frontend[89767:10592478] [PDFSelectDebug] drag loc=1033.9,621.4 hit=SplitDividerHandleView frame=1025,32 14x745 hidden=false inPDF=false selLen=0
2026-01-05 11:24:59.316 swift-frontend[89767:10592478] [PDFSelectDebug] drag loc=1034.6,621.4 hit=SplitDividerHandleView frame=1026,32 14x745 hidden=false inPDF=false selLen=0
2026-01-05 11:24:59.361 swift-frontend[89767:10592478] [PDFSelectDebug] drag loc=1034.7,621.5 hit=SplitDividerHandleView frame=1026,32 14x745 hidden=false inPDF=false selLen=0
2026-01-05 11:24:59.394 swift-frontend[89767:10592478] [PDFSelectDebug] up loc=1034.7,621.5 hit=SplitDividerHandleView frame=1026,32 14x745 hidden=false inPDF=false selLen=0 selPages=0
2026-01-05 11:25:01.920 swift-frontend[89767:10592478] [PDFSelectDebug] down loc=1024.0,525.3 isShowingPDF=false loadingHidden=true hit=NSView frame=0,0 994x745 hidden=false inPDF=false selLen=0 selPages=0 chain=NSView -> GlassCardView -> GapSplitView -> NSView -> NSThemeFrame
2026-01-05 11:25:02.095 swift-frontend[89767:10592478] [PDFSelectDebug] drag loc=1023.9,525.3 hit=NSView frame=0,0 994x745 hidden=false inPDF=false selLen=0
2026-01-05 11:25:02.111 swift-frontend[89767:10592478] [PDFSelectDebug] drag loc=1016.9,525.3 hit=NSView frame=0,0 994x745 hidden=false inPDF=false selLen=0
2026-01-05 11:25:02.120 swift-frontend[89767:10592478] [PDFSelectDebug] drag loc=1010.0,525.3 hit=NoScrollTableView frame=0,0 974x661 hidden=false inPDF=false selLen=0
2026-01-05 11:25:02.128 swift-frontend[89767:10592478] [PDFSelectDebug] drag loc=1002.0,525.3 hit=NoScrollTableView frame=0,0 974x661 hidden=false inPDF=false selLen=0
2026-01-05 11:25:02.136 swift-frontend[89767:10592478] [PDFSelectDebug] drag loc=990.9,525.3 hit=NoScrollTableView frame=0,0 974x661 hidden=false inPDF=false selLen=0
2026-01-05 11:25:02.144 swift-frontend[89767:10592478] [PDFSelectDebug] drag loc=978.8,525.9 hit=NoScrollTableView frame=0,0 974x661 hidden=false inPDF=false selLen=0
2026-01-05 11:25:02.153 swift-frontend[89767:10592478] [PDFSelectDebug] drag loc=966.8,527.2 hit=NoScrollTableView frame=0,0 974x661 hidden=false inPDF=false selLen=0
2026-01-05 11:25:02.161 swift-frontend[89767:10592478] [PDFSelectDebug] drag loc=952.3,528.5 hit=NoScrollTableView frame=0,0 974x661 hidden=false inPDF=false selLen=0
2026-01-05 11:25:02.170 swift-frontend[89767:10592478] [PDFSelectDebug] drag loc=941.2,529.6 hit=NoScrollTableView frame=0,0 974x661 hidden=false inPDF=false selLen=0
2026-01-05 11:25:02.178 swift-frontend[89767:10592478] [PDFSelectDebug] drag loc=931.7,530.1 hit=NoScrollTableView frame=0,0 974x661 hidden=false inPDF=false selLen=0
2026-01-05 11:25:02.186 swift-frontend[89767:10592478] [PDFSelectDebug] drag loc=919.1,530.3 hit=NoScrollTableView frame=0,0 974x661 hidden=false inPDF=false selLen=0
2026-01-05 11:25:02.194 swift-frontend[89767:10592478] [PDFSelectDebug] drag loc=906.9,530.4 hit=NoScrollTableView frame=0,0 974x661 hidden=false inPDF=false selLen=0
2026-01-05 11:25:02.203 swift-frontend[89767:10592478] [PDFSelectDebug] drag loc=894.3,530.5 hit=NoScrollTableView frame=0,0 974x661 hidden=false inPDF=false selLen=0
2026-01-05 11:25:02.211 swift-frontend[89767:10592478] [PDFSelectDebug] drag loc=880.8,530.5 hit=NoScrollTableView frame=0,0 974x661 hidden=false inPDF=false selLen=0
2026-01-05 11:25:02.219 swift-frontend[89767:10592478] [PDFSelectDebug] drag loc=868.1,530.5 hit=NoScrollTableView frame=0,0 974x661 hidden=false inPDF=false selLen=0
2026-01-05 11:25:02.228 swift-frontend[89767:10592478] [PDFSelectDebug] drag loc=855.4,530.5 hit=NoScrollTableView frame=0,0 974x661 hidden=false inPDF=false selLen=0
2026-01-05 11:25:02.236 swift-frontend[89767:10592478] [PDFSelectDebug] drag loc=842.9,530.5 hit=NoScrollTableView frame=0,0 974x661 hidden=false inPDF=false selLen=0
2026-01-05 11:25:02.245 swift-frontend[89767:10592478] [PDFSelectDebug] drag loc=830.4,529.9 hit=NoScrollTableView frame=0,0 974x661 hidden=false inPDF=false selLen=0
2026-01-05 11:25:02.253 swift-frontend[89767:10592478] [PDFSelectDebug] drag loc=817.8,528.1 hit=NoScrollTableView frame=0,0 974x661 hidden=false inPDF=false selLen=0
2026-01-05 11:25:02.261 swift-frontend[89767:10592478] [PDFSelectDebug] drag loc=806.3,525.7 hit=NoScrollTableView frame=0,0 974x661 hidden=false inPDF=false selLen=0
2026-01-05 11:25:02.269 swift-frontend[89767:10592478] [PDFSelectDebug] drag loc=794.9,523.2 hit=NoScrollTableView frame=0,0 974x661 hidden=false inPDF=false selLen=0
2026-01-05 11:25:02.278 swift-frontend[89767:10592478] [PDFSelectDebug] drag loc=783.6,520.8 hit=NoScrollTableView frame=0,0 974x661 hidden=false inPDF=false selLen=0
2026-01-05 11:25:02.286 swift-frontend[89767:10592478] [PDFSelectDebug] drag loc=776.2,519.1 hit=NoScrollTableView frame=0,0 974x661 hidden=false inPDF=false selLen=0
2026-01-05 11:25:02.294 swift-frontend[89767:10592478] [PDFSelectDebug] drag loc=770.9,517.8 hit=NoScrollTableView frame=0,0 974x661 hidden=false inPDF=false selLen=0
2026-01-05 11:25:02.303 swift-frontend[89767:10592478] [PDFSelectDebug] drag loc=764.8,515.9 hit=NoScrollTableView frame=0,0 974x661 hidden=false inPDF=false selLen=0
2026-01-05 11:25:02.311 swift-frontend[89767:10592478] [PDFSelectDebug] drag loc=756.6,514.1 hit=NoScrollTableView frame=0,0 974x661 hidden=false inPDF=false selLen=0
2026-01-05 11:25:02.319 swift-frontend[89767:10592478] [PDFSelectDebug] drag loc=752.0,513.0 hit=NoScrollTableView frame=0,0 974x661 hidden=false inPDF=false selLen=0
2026-01-05 11:25:02.328 swift-frontend[89767:10592478] [PDFSelectDebug] drag loc=748.0,511.9 hit=NoScrollTableView frame=0,0 974x661 hidden=false inPDF=false selLen=0
2026-01-05 11:25:02.344 swift-frontend[89767:10592478] [PDFSelectDebug] drag loc=740.4,510.3 hit=NoScrollTableView frame=0,0 974x661 hidden=false inPDF=false selLen=0
2026-01-05 11:25:02.353 swift-frontend[89767:10592478] [PDFSelectDebug] drag loc=737.5,509.6 hit=NoScrollTableView frame=0,0 974x661 hidden=false inPDF=false selLen=0
2026-01-05 11:25:02.361 swift-frontend[89767:10592478] [PDFSelectDebug] drag loc=735.2,508.9 hit=NoScrollTableView frame=0,0 974x661 hidden=false inPDF=false selLen=0
2026-01-05 11:25:02.378 swift-frontend[89767:10592478] [PDFSelectDebug] drag loc=731.6,507.8 hit=NoScrollTableView frame=0,0 974x661 hidden=false inPDF=false selLen=0
2026-01-05 11:25:02.386 swift-frontend[89767:10592478] [PDFSelectDebug] drag loc=730.5,507.4 hit=NoScrollTableView frame=0,0 974x661 hidden=false inPDF=false selLen=0
2026-01-05 11:25:02.394 swift-frontend[89767:10592478] [PDFSelectDebug] drag loc=729.8,507.0 hit=NoScrollTableView frame=0,0 974x661 hidden=false inPDF=false selLen=0
2026-01-05 11:25:02.411 swift-frontend[89767:10592478] [PDFSelectDebug] drag loc=729.2,506.7 hit=NoScrollTableView frame=0,0 974x661 hidden=false inPDF=false selLen=0
2026-01-05 11:25:02.420 swift-frontend[89767:10592478] [PDFSelectDebug] drag loc=728.9,506.7 hit=NoScrollTableView frame=0,0 974x661 hidden=false inPDF=false selLen=0
2026-01-05 11:25:02.461 swift-frontend[89767:10592478] [PDFSelectDebug] drag loc=729.1,506.7 hit=NoScrollTableView frame=0,0 974x661 hidden=false inPDF=false selLen=0
2026-01-05 11:25:02.478 swift-frontend[89767:10592478] [PDFSelectDebug] up loc=729.1,506.7 hit=NoScrollTableView frame=0,0 974x661 hidden=false inPDF=false selLen=0 selPages=0
2026-01-05 11:25:03.395 swift-frontend[89767:10592478] [PDFSelectDebug] down loc=1032.7,515.2 isShowingPDF=false loadingHidden=true hit=SplitDividerHandleView frame=1026,32 14x745 hidden=false inPDF=false selLen=0 selPages=0 chain=SplitDividerHandleView -> NSView -> NSThemeFrame
2026-01-05 11:25:03.569 swift-frontend[89767:10592478] [PDFSelectDebug] drag loc=1032.5,515.2 hit=SplitDividerHandleView frame=1026,32 14x745 hidden=false inPDF=false selLen=0
2026-01-05 11:25:03.578 swift-frontend[89767:10592478] [PDFSelectDebug] drag loc=1031.6,515.2 hit=SplitDividerHandleView frame=1026,32 14x745 hidden=false inPDF=false selLen=0
2026-01-05 11:25:03.586 swift-frontend[89767:10592478] [PDFSelectDebug] drag loc=1027.2,515.2 hit=SplitDividerHandleView frame=1026,32 14x745 hidden=false inPDF=false selLen=0
2026-01-05 11:25:03.602 swift-frontend[89767:10592478] [PDFSelectDebug] drag loc=1002.7,515.2 hit=NoScrollTableView frame=0,0 969x661 hidden=false inPDF=false selLen=0
2026-01-05 11:25:03.611 swift-frontend[89767:10592478] [PDFSelectDebug] drag loc=983.6,515.2 hit=NoScrollTableView frame=0,0 944x661 hidden=false inPDF=false selLen=0
2026-01-05 11:25:03.627 swift-frontend[89767:10592478] [PDFSelectDebug] drag loc=942.8,515.2 hit=NoScrollTableView frame=0,0 925x661 hidden=false inPDF=false selLen=0
2026-01-05 11:25:03.641 swift-frontend[89767:10592478] [PDFSelectDebug] drag loc=861.0,513.5 hit=NoScrollTableView frame=0,0 884x661 hidden=false inPDF=false selLen=0
2026-01-05 11:25:03.652 swift-frontend[89767:10592478] [PDFSelectDebug] drag loc=824.8,510.3 hit=NoScrollTableView frame=0,0 802x661 hidden=false inPDF=false selLen=0
2026-01-05 11:25:03.663 swift-frontend[89767:10592478] [PDFSelectDebug] drag loc=789.1,506.2 hit=NoScrollTableView frame=0,0 766x661 hidden=false inPDF=false selLen=0
2026-01-05 11:25:03.678 swift-frontend[89767:10592478] [PDFSelectDebug] drag loc=740.0,498.1 hit=NoScrollTableView frame=0,0 731x661 hidden=false inPDF=false selLen=0
2026-01-05 11:25:03.694 swift-frontend[89767:10592478] [PDFSelectDebug] drag loc=687.2,488.9 hit=NoScrollTableView frame=0,0 682x661 hidden=false inPDF=false selLen=0
2026-01-05 11:25:03.708 swift-frontend[89767:10592478] [PDFSelectDebug] drag loc=649.9,482.0 hit=NoScrollTableView frame=0,0 629x661 hidden=false inPDF=false selLen=0
2026-01-05 11:25:03.720 swift-frontend[89767:10592478] [PDFSelectDebug] drag loc=627.2,478.3 hit=NoScrollTableView frame=0,0 591x661 hidden=false inPDF=false selLen=0
2026-01-05 11:25:03.736 swift-frontend[89767:10592478] [PDFSelectDebug] drag loc=620.9,477.0 hit=NSView frame=0,0 589x745 hidden=false inPDF=false selLen=0
2026-01-05 11:25:03.748 swift-frontend[89767:10592478] [PDFSelectDebug] drag loc=604.6,473.9 hit=NSView frame=0,0 582x745 hidden=false inPDF=false selLen=0
2026-01-05 11:25:03.757 swift-frontend[89767:10592478] [PDFSelectDebug] drag loc=598.1,472.5 hit=NSView frame=0,0 566x745 hidden=false inPDF=false selLen=0
2026-01-05 11:25:03.770 swift-frontend[89767:10592478] [PDFSelectDebug] drag loc=592.2,471.5 hit=SplitDividerHandleView frame=592,32 14x745 hidden=false inPDF=false selLen=0
2026-01-05 11:25:03.781 swift-frontend[89767:10592478] [PDFSelectDebug] drag loc=587.6,470.6 hit=SplitDividerHandleView frame=586,32 14x745 hidden=false inPDF=false selLen=0
2026-01-05 11:25:03.791 swift-frontend[89767:10592478] [PDFSelectDebug] drag loc=581.4,469.2 hit=NSView frame=0,0 549x745 hidden=false inPDF=false selLen=0
2026-01-05 11:25:03.804 swift-frontend[89767:10592478] [PDFSelectDebug] drag loc=578.6,468.8 hit=SplitDividerHandleView frame=575,32 14x745 hidden=false inPDF=false selLen=0
2026-01-05 11:25:03.819 swift-frontend[89767:10592478] [PDFSelectDebug] drag loc=577.5,468.6 hit=SplitDividerHandleView frame=572,32 14x745 hidden=false inPDF=false selLen=0
2026-01-05 11:25:03.833 swift-frontend[89767:10592478] [PDFSelectDebug] drag loc=576.3,468.5 hit=SplitDividerHandleView frame=571,32 14x745 hidden=false inPDF=false selLen=0
2026-01-05 11:25:03.847 swift-frontend[89767:10592478] [PDFSelectDebug] drag loc=575.7,468.3 hit=SplitDividerHandleView frame=570,32 14x745 hidden=false inPDF=false selLen=0
2026-01-05 11:25:03.861 swift-frontend[89767:10592478] [PDFSelectDebug] drag loc=574.4,467.9 hit=SplitDividerHandleView frame=569,32 14x745 hidden=false inPDF=false selLen=0
2026-01-05 11:25:03.874 swift-frontend[89767:10592478] [PDFSelectDebug] drag loc=574.0,467.8 hit=SplitDividerHandleView frame=568,32 14x745 hidden=false inPDF=false selLen=0
2026-01-05 11:25:03.886 swift-frontend[89767:10592478] [PDFSelectDebug] drag loc=572.5,467.5 hit=SplitDividerHandleView frame=567,32 14x745 hidden=false inPDF=false selLen=0
2026-01-05 11:25:03.898 swift-frontend[89767:10592478] [PDFSelectDebug] drag loc=572.3,467.3 hit=SplitDividerHandleView frame=566,32 14x745 hidden=false inPDF=false selLen=0
2026-01-05 11:25:03.911 swift-frontend[89767:10592478] [PDFSelectDebug] drag loc=571.1,467.2 hit=SplitDividerHandleView frame=566,32 14x745 hidden=false inPDF=false selLen=0
2026-01-05 11:25:03.936 swift-frontend[89767:10592478] [PDFSelectDebug] drag loc=570.8,467.0 hit=SplitDividerHandleView frame=565,32 14x745 hidden=false inPDF=false selLen=0
2026-01-05 11:25:03.946 swift-frontend[89767:10592478] [PDFSelectDebug] drag loc=570.5,467.0 hit=SplitDividerHandleView frame=564,32 14x745 hidden=false inPDF=false selLen=0
2026-01-05 11:25:03.955 swift-frontend[89767:10592478] [PDFSelectDebug] drag loc=570.4,466.9 hit=SplitDividerHandleView frame=564,32 14x745 hidden=false inPDF=false selLen=0
2026-01-05 11:25:04.469 swift-frontend[89767:10592478] [PDFSelectDebug] drag loc=570.4,466.6 hit=SplitDividerHandleView frame=564,32 14x745 hidden=false inPDF=false selLen=0
2026-01-05 11:25:04.481 swift-frontend[89767:10592478] [PDFSelectDebug] drag loc=570.4,466.4 hit=SplitDividerHandleView frame=564,32 14x745 hidden=false inPDF=false selLen=0
2026-01-05 11:25:04.494 swift-frontend[89767:10592478] [PDFSelectDebug] drag loc=570.4,466.1 hit=SplitDividerHandleView frame=564,32 14x745 hidden=false inPDF=false selLen=0
2026-01-05 11:25:04.503 swift-frontend[89767:10592478] [PDFSelectDebug] drag loc=570.4,465.8 hit=SplitDividerHandleView frame=564,32 14x745 hidden=false inPDF=false selLen=0
2026-01-05 11:25:04.519 swift-frontend[89767:10592478] [PDFSelectDebug] drag loc=570.4,465.1 hit=SplitDividerHandleView frame=564,32 14x745 hidden=false inPDF=false selLen=0
2026-01-05 11:25:04.536 swift-frontend[89767:10592478] [PDFSelectDebug] drag loc=570.4,464.6 hit=SplitDividerHandleView frame=564,32 14x745 hidden=false inPDF=false selLen=0
2026-01-05 11:25:04.545 swift-frontend[89767:10592478] [PDFSelectDebug] drag loc=570.4,464.3 hit=SplitDividerHandleView frame=564,32 14x745 hidden=false inPDF=false selLen=0
2026-01-05 11:25:04.553 swift-frontend[89767:10592478] [PDFSelectDebug] drag loc=570.4,463.9 hit=SplitDividerHandleView frame=564,32 14x745 hidden=false inPDF=false selLen=0
2026-01-05 11:25:04.611 swift-frontend[89767:10592478] [PDFSelectDebug] drag loc=570.5,463.8 hit=SplitDividerHandleView frame=564,32 14x745 hidden=false inPDF=false selLen=0
2026-01-05 11:25:05.628 swift-frontend[89767:10592478] [PDFSelectDebug] drag loc=570.6,463.4 hit=SplitDividerHandleView frame=564,32 14x745 hidden=false inPDF=false selLen=0
2026-01-05 11:25:05.652 swift-frontend[89767:10592478] [PDFSelectDebug] drag loc=570.6,463.2 hit=SplitDividerHandleView frame=564,32 14x745 hidden=false inPDF=false selLen=0
2026-01-05 11:25:05.669 swift-frontend[89767:10592478] [PDFSelectDebug] drag loc=570.6,462.9 hit=SplitDividerHandleView frame=564,32 14x745 hidden=false inPDF=false selLen=0
2026-01-05 11:25:05.677 swift-frontend[89767:10592478] [PDFSelectDebug] drag loc=570.6,462.6 hit=SplitDividerHandleView frame=564,32 14x745 hidden=false inPDF=false selLen=0
2026-01-05 11:25:05.686 swift-frontend[89767:10592478] [PDFSelectDebug] drag loc=570.6,462.3 hit=SplitDividerHandleView frame=564,32 14x745 hidden=false inPDF=false selLen=0
2026-01-05 11:25:05.702 swift-frontend[89767:10592478] [PDFSelectDebug] drag loc=570.6,462.1 hit=SplitDividerHandleView frame=564,32 14x745 hidden=false inPDF=false selLen=0
2026-01-05 11:25:05.711 swift-frontend[89767:10592478] [PDFSelectDebug] drag loc=570.6,461.9 hit=SplitDividerHandleView frame=564,32 14x745 hidden=false inPDF=false selLen=0
2026-01-05 11:25:05.719 swift-frontend[89767:10592478] [PDFSelectDebug] drag loc=570.6,461.6 hit=SplitDividerHandleView frame=564,32 14x745 hidden=false inPDF=false selLen=0
2026-01-05 11:25:05.727 swift-frontend[89767:10592478] [PDFSelectDebug] drag loc=570.6,461.3 hit=SplitDividerHandleView frame=564,32 14x745 hidden=false inPDF=false selLen=0
2026-01-05 11:25:05.736 swift-frontend[89767:10592478] [PDFSelectDebug] drag loc=570.6,461.0 hit=SplitDividerHandleView frame=564,32 14x745 hidden=false inPDF=false selLen=0
2026-01-05 11:25:05.744 swift-frontend[89767:10592478] [PDFSelectDebug] drag loc=570.6,460.4 hit=SplitDividerHandleView frame=564,32 14x745 hidden=false inPDF=false selLen=0
2026-01-05 11:25:05.754 swift-frontend[89767:10592478] [PDFSelectDebug] drag loc=570.6,459.9 hit=SplitDividerHandleView frame=564,32 14x745 hidden=false inPDF=false selLen=0
2026-01-05 11:25:05.761 swift-frontend[89767:10592478] [PDFSelectDebug] drag loc=570.6,459.5 hit=SplitDividerHandleView frame=564,32 14x745 hidden=false inPDF=false selLen=0
2026-01-05 11:25:05.769 swift-frontend[89767:10592478] [PDFSelectDebug] drag loc=570.6,459.1 hit=SplitDividerHandleView frame=564,32 14x745 hidden=false inPDF=false selLen=0
2026-01-05 11:25:05.777 swift-frontend[89767:10592478] [PDFSelectDebug] drag loc=570.6,458.8 hit=SplitDividerHandleView frame=564,32 14x745 hidden=false inPDF=false selLen=0
2026-01-05 11:25:05.794 swift-frontend[89767:10592478] [PDFSelectDebug] drag loc=570.6,458.5 hit=SplitDividerHandleView frame=564,32 14x745 hidden=false inPDF=false selLen=0
2026-01-05 11:25:05.852 swift-frontend[89767:10592478] [PDFSelectDebug] drag loc=570.6,458.3 hit=SplitDividerHandleView frame=564,32 14x745 hidden=false inPDF=false selLen=0
2026-01-05 11:25:06.239 swift-frontend[89767:10592478] [PDFSelectDebug] up loc=570.6,458.3 hit=SplitDividerHandleView frame=564,32 14x745 hidden=false inPDF=false selLen=0 selPages=0
2026-01-05 11:25:08.524 swift-frontend[89767:10592478] [PDFSelectDebug] down loc=660.5,567.7 isShowingPDF=false loadingHidden=true hit=NSView frame=0,0 887x745 hidden=false inPDF=false selLen=0 selPages=0 chain=NSView -> GapSplitView -> NSView -> GapSplitView -> NSView -> NSThemeFrame
2026-01-05 11:25:08.615 swift-frontend[89767:10592478] [PDFSelectDebug] up loc=660.5,567.7 hit=NSView frame=0,0 887x745 hidden=false inPDF=false selLen=0 selPages=0
2026-01-05 11:25:10.058 swift-frontend[89767:10592478] [PDFEager] cleanup_start reason=window_close dir=/var/folders/p5/s6c93d_s38j4sy11sd_js3s40000gn/T/appCache/pdfs/session-9F1C0443-67C9-466E-82E7-48659442598F
2026-01-05 11:25:10.058 swift-frontend[89767:10593608] [PDFEager] cleanup dir=/var/folders/p5/s6c93d_s38j4sy11sd_js3s40000gn/T/appCache/pdfs/session-9F1C0443-67C9-466E-82E7-48659442598F existed_before=false exists_after=false
