arxiv-picker.swift:3687:16: warning: unnecessary check for 'macOS'; enclosing scope ensures guard will always be true
 3671 |         // The pill's animations are driven by masks/strokes on this view's layer, so only the
 3672 |         // underlying background implementation changes.
 3673 |         if #available(macOS 26.0, *) {
      |         `- note: enclosing scope here
 3674 |             let v = PassthroughGlassEffectView(frame: .zero)
 3675 |             v.style = .regular
      :
 3685 |             v.wantsLayer = true
 3686 |             v.layer?.masksToBounds = true
 3687 |             if #available(macOS 10.13, *) {
      |                `- warning: unnecessary check for 'macOS'; enclosing scope ensures guard will always be true
 3688 |                 v.layer?.cornerCurve = .continuous
 3689 |             }

arxiv-picker.swift:10529:20: warning: unnecessary check for 'macOS'; enclosing scope ensures guard will always be true
10507 |         } else {
10508 |             // Use a passthrough glass/effect view so the titlebar reads like the same surface as the search bar.
10509 |             if #available(macOS 26.0, *) {
      |             `- note: enclosing scope here
10510 |                 let v = PassthroughGlassEffectView(frame: titlebarContainer.bounds)
10511 |                 v.translatesAutoresizingMaskIntoConstraints = false
      :
10527 |                 v.wantsLayer = true
10528 |                 v.layer?.masksToBounds = true
10529 |                 if #available(macOS 10.13, *) { v.layer?.cornerCurve = .continuous }
      |                    `- warning: unnecessary check for 'macOS'; enclosing scope ensures guard will always be true
10530 |                 // Match the search bar's fallback material choices.
10531 |                 v.material = currentSearchBarTheme().fallbackMaterial

arxiv-picker.swift:20396:14: warning: weak variable 'weakController' was never mutated; consider changing to 'let' constant [#WeakMutability]
20394 | 
20395 | if ProcessInfo.processInfo.environment["ARXIV_UI_DEBUG"] == "1" {
20396 |     weak var weakController = controller
      |              `- warning: weak variable 'weakController' was never mutated; consider changing to 'let' constant [#WeakMutability]
20397 |     DispatchQueue.main.asyncAfter(deadline: .now() + 1.0) {
20398 |         let window = weakController?.window

arxiv-picker.swift:20406:14: warning: weak variable 'weakController' was never mutated; consider changing to 'let' constant [#WeakMutability]
20404 | 
20405 | if launchDebugEnabled {
20406 |     weak var weakController = controller
      |              `- warning: weak variable 'weakController' was never mutated; consider changing to 'let' constant [#WeakMutability]
20407 |     DispatchQueue.main.asyncAfter(deadline: .now() + 1.0) {
20408 |         let window = weakController?.window

arxiv-picker.swift:265:29: warning: 'current' was deprecated in macOS 12.0: Use -performAsCurrentDrawingAppearance: to temporarily set the drawing appearance, or +currentDrawingAppearance to access the currently drawing appearance. [#DeprecatedDeclaration]
  263 |         let appearanceName = snapshot().nsAppearanceName
  264 |         let appearance = NSAppearance(named: appearanceName)
  265 |             ?? NSAppearance.current
      |                             `- warning: 'current' was deprecated in macOS 12.0: Use -performAsCurrentDrawingAppearance: to temporarily set the drawing appearance, or +currentDrawingAppearance to access the currently drawing appearance. [#DeprecatedDeclaration]
  266 |             ?? NSAppearance(named: .aqua)
  267 |             ?? NSAppearance(named: .darkAqua)

arxiv-picker.swift:348:15: warning: 'disableScreenUpdatesUntilFlush()' was deprecated in macOS 15.0: This method does not do anything and should not be called. [#DeprecatedDeclaration]
  346 |         let windows = NSApp.windows
  347 |         for w in windows {
  348 |             w.disableScreenUpdatesUntilFlush()
      |               `- warning: 'disableScreenUpdatesUntilFlush()' was deprecated in macOS 15.0: This method does not do anything and should not be called. [#DeprecatedDeclaration]
  349 |         }
  350 | 

arxiv-picker.swift:324:13: warning: variable 'oldSnapshot' was written to, but never read
  322 | 
  323 |         var newSnapshot: AppearanceSnapshot?
  324 |         var oldSnapshot: AppearanceSnapshot?
      |             `- warning: variable 'oldSnapshot' was written to, but never read
  325 | 
  326 |         lock.lock()

arxiv-picker.swift:416:25: warning: 'current' was deprecated in macOS 12.0: Use -performAsCurrentDrawingAppearance: to temporarily set the drawing appearance, or +currentDrawingAppearance to access the currently drawing appearance. [#DeprecatedDeclaration]
  414 |     let name = AppearanceManager.shared.snapshot().nsAppearanceName
  415 |     return NSAppearance(named: name)
  416 |         ?? NSAppearance.current
      |                         `- warning: 'current' was deprecated in macOS 12.0: Use -performAsCurrentDrawingAppearance: to temporarily set the drawing appearance, or +currentDrawingAppearance to access the currently drawing appearance. [#DeprecatedDeclaration]
  417 |         ?? NSAppearance(named: .aqua)
  418 |         ?? NSAppearance(named: .darkAqua)

arxiv-picker.swift:655:22: warning: 'CVDisplayLinkCreateWithActiveCGDisplays' was deprecated in macOS 15.0: use NSView.displayLink(target:selector:), NSWindow.displayLink(target:selector:), or NSScreen.displayLink(target:selector:)  [#DeprecatedDeclaration]
  653 | 
  654 |         var link: CVDisplayLink?
  655 |         let result = CVDisplayLinkCreateWithActiveCGDisplays(&link)
      |                      `- warning: 'CVDisplayLinkCreateWithActiveCGDisplays' was deprecated in macOS 15.0: use NSView.displayLink(target:selector:), NSWindow.displayLink(target:selector:), or NSScreen.displayLink(target:selector:)  [#DeprecatedDeclaration]
  656 |         guard result == kCVReturnSuccess, let created = link else {
  657 |             os_log("CVDisplayLinkCreate failed=%d", log: log, type: .error, result)

arxiv-picker.swift:671:9: warning: 'CVDisplayLinkSetOutputCallback' was deprecated in macOS 15.0: use NSView.displayLink(target:selector:), NSWindow.displayLink(target:selector:), or NSScreen.displayLink(target:selector:)  [#DeprecatedDeclaration]
  669 |         }
  670 | 
  671 |         CVDisplayLinkSetOutputCallback(created, callback, Unmanaged.passUnretained(self).toOpaque())
      |         `- warning: 'CVDisplayLinkSetOutputCallback' was deprecated in macOS 15.0: use NSView.displayLink(target:selector:), NSWindow.displayLink(target:selector:), or NSScreen.displayLink(target:selector:)  [#DeprecatedDeclaration]
  672 |         CVDisplayLinkStart(created)
  673 | 

arxiv-picker.swift:672:9: warning: 'CVDisplayLinkStart' was deprecated in macOS 15.0: use NSView.displayLink(target:selector:), NSWindow.displayLink(target:selector:), or NSScreen.displayLink(target:selector:)  [#DeprecatedDeclaration]
  670 | 
  671 |         CVDisplayLinkSetOutputCallback(created, callback, Unmanaged.passUnretained(self).toOpaque())
  672 |         CVDisplayLinkStart(created)
      |         `- warning: 'CVDisplayLinkStart' was deprecated in macOS 15.0: use NSView.displayLink(target:selector:), NSWindow.displayLink(target:selector:), or NSScreen.displayLink(target:selector:)  [#DeprecatedDeclaration]
  673 | 
  674 |         lock.lock()

arxiv-picker.swift:686:9: warning: 'CVDisplayLinkStop' was deprecated in macOS 15.0: use NSView.displayLink(target:selector:), NSWindow.displayLink(target:selector:), or NSScreen.displayLink(target:selector:)  [#DeprecatedDeclaration]
  684 |         displayLink = nil
  685 |         lock.unlock()
  686 |         CVDisplayLinkStop(link)
      |         `- warning: 'CVDisplayLinkStop' was deprecated in macOS 15.0: use NSView.displayLink(target:selector:), NSWindow.displayLink(target:selector:), or NSScreen.displayLink(target:selector:)  [#DeprecatedDeclaration]
  687 |     }
  688 | }

arxiv-picker.swift:8081:60: warning: 'selectedMenuItemColor' was deprecated in macOS 11.0: Use NSVisualEffectMaterialSelection [#DeprecatedDeclaration]
 8079 |         let enabled = menuItem?.isEnabled ?? true
 8080 |         let active = enabled && (isHovering || isMenuHighlighted)
 8081 |         let highlightColor = active ? resolvedSystemColor(.selectedMenuItemColor) : .clear
      |                                                            `- warning: 'selectedMenuItemColor' was deprecated in macOS 11.0: Use NSVisualEffectMaterialSelection [#DeprecatedDeclaration]
 8082 | 
 8083 |         CATransaction.begin()

arxiv-picker.swift:16003:34: warning: use '#selector' instead of explicitly constructing a 'Selector'
16001 | 
16002 |             // Some PDFKit internal views respond to KVC backgroundColor.
16003 |             if view.responds(to: Selector(("setBackgroundColor:"))) {
      |                                  `- warning: use '#selector' instead of explicitly constructing a 'Selector'
16004 |                 view.setValue(bg, forKey: "backgroundColor")
16005 |             }

2026-01-05 11:30:59.957 swift-frontend[95066:10607665] [PDFEager] cache_dir=/var/folders/p5/s6c93d_s38j4sy11sd_js3s40000gn/T/appCache/pdfs/session-FDA877A2-0DB1-4537-90AF-E647C21259FF concurrent=8
2026-01-05 11:31:00.100 swift-frontend[95066:10607665] [PDFSelectDebug] installed_sample_pdf pages=1
2026-01-05 11:31:02.712 swift-frontend[95066:10607665] [PDFSelectDebug] down loc=528.3,402.3 isShowingPDF=true loadingHidden=true hit=NSView frame=0,0 1080x745 hidden=false inPDF=false selLen=0 selPages=0 chain=NSView -> GapSplitView -> NSView -> GapSplitView -> NSView -> NSThemeFrame
2026-01-05 11:31:03.111 swift-frontend[95066:10607665] [PDFSelectDebug] drag loc=528.3,401.9 hit=NSView frame=0,0 1080x745 hidden=false inPDF=false selLen=0
2026-01-05 11:31:03.120 swift-frontend[95066:10607665] [PDFSelectDebug] drag loc=528.3,400.8 hit=NSView frame=0,0 1080x745 hidden=false inPDF=false selLen=0
2026-01-05 11:31:03.128 swift-frontend[95066:10607665] [PDFSelectDebug] drag loc=528.3,398.8 hit=NSView frame=0,0 1080x745 hidden=false inPDF=false selLen=0
2026-01-05 11:31:03.136 swift-frontend[95066:10607665] [PDFSelectDebug] drag loc=528.8,396.6 hit=NSView frame=0,0 1080x745 hidden=false inPDF=false selLen=0
2026-01-05 11:31:03.144 swift-frontend[95066:10607665] [PDFSelectDebug] drag loc=529.7,394.5 hit=NSView frame=0,0 1080x745 hidden=false inPDF=false selLen=0
2026-01-05 11:31:03.153 swift-frontend[95066:10607665] [PDFSelectDebug] drag loc=530.5,392.4 hit=NSView frame=0,0 1080x745 hidden=false inPDF=false selLen=0
2026-01-05 11:31:03.161 swift-frontend[95066:10607665] [PDFSelectDebug] drag loc=531.6,390.8 hit=NSView frame=0,0 1080x745 hidden=false inPDF=false selLen=0
2026-01-05 11:31:03.169 swift-frontend[95066:10607665] [PDFSelectDebug] drag loc=533.5,387.9 hit=NSView frame=0,0 1080x745 hidden=false inPDF=false selLen=0
2026-01-05 11:31:03.186 swift-frontend[95066:10607665] [PDFSelectDebug] drag loc=536.0,385.0 hit=NSView frame=0,0 1080x745 hidden=false inPDF=false selLen=0
2026-01-05 11:31:03.195 swift-frontend[95066:10607665] [PDFSelectDebug] drag loc=537.5,383.2 hit=NSView frame=0,0 1080x745 hidden=false inPDF=false selLen=0
2026-01-05 11:31:03.211 swift-frontend[95066:10607665] [PDFSelectDebug] drag loc=539.4,381.1 hit=NSView frame=0,0 1080x745 hidden=false inPDF=false selLen=0
2026-01-05 11:31:03.219 swift-frontend[95066:10607665] [PDFSelectDebug] drag loc=543.4,376.9 hit=NSView frame=0,0 1080x745 hidden=false inPDF=false selLen=0
2026-01-05 11:31:03.228 swift-frontend[95066:10607665] [PDFSelectDebug] drag loc=545.5,374.4 hit=NSView frame=0,0 1080x745 hidden=false inPDF=false selLen=0
2026-01-05 11:31:03.236 swift-frontend[95066:10607665] [PDFSelectDebug] drag loc=547.7,372.1 hit=NSView frame=0,0 1080x745 hidden=false inPDF=false selLen=0
2026-01-05 11:31:03.253 swift-frontend[95066:10607665] [PDFSelectDebug] drag loc=553.3,366.4 hit=NSView frame=0,0 1080x745 hidden=false inPDF=false selLen=0
2026-01-05 11:31:03.261 swift-frontend[95066:10607665] [PDFSelectDebug] drag loc=555.9,363.8 hit=NSView frame=0,0 1080x745 hidden=false inPDF=false selLen=0
2026-01-05 11:31:03.270 swift-frontend[95066:10607665] [PDFSelectDebug] drag loc=558.5,361.2 hit=NSView frame=0,0 1080x745 hidden=false inPDF=false selLen=0
2026-01-05 11:31:03.286 swift-frontend[95066:10607665] [PDFSelectDebug] drag loc=561.7,358.5 hit=NSView frame=0,0 1080x745 hidden=false inPDF=false selLen=0
2026-01-05 11:31:03.294 swift-frontend[95066:10607665] [PDFSelectDebug] drag loc=567.0,353.1 hit=NSView frame=0,0 1080x745 hidden=false inPDF=false selLen=0
2026-01-05 11:31:03.303 swift-frontend[95066:10607665] [PDFSelectDebug] drag loc=570.0,350.5 hit=NSView frame=0,0 1080x745 hidden=false inPDF=false selLen=0
2026-01-05 11:31:03.320 swift-frontend[95066:10607665] [PDFSelectDebug] drag loc=575.0,345.5 hit=NSView frame=0,0 1080x745 hidden=false inPDF=false selLen=0
2026-01-05 11:31:03.328 swift-frontend[95066:10607665] [PDFSelectDebug] drag loc=577.4,343.3 hit=NSView frame=0,0 1080x745 hidden=false inPDF=false selLen=0
2026-01-05 11:31:03.336 swift-frontend[95066:10607665] [PDFSelectDebug] drag loc=579.9,341.2 hit=NSView frame=0,0 1080x745 hidden=false inPDF=false selLen=0
2026-01-05 11:31:03.344 swift-frontend[95066:10607665] [PDFSelectDebug] drag loc=582.9,338.6 hit=NSView frame=0,0 1080x745 hidden=false inPDF=false selLen=0
2026-01-05 11:31:03.353 swift-frontend[95066:10607665] [PDFSelectDebug] drag loc=586.5,335.8 hit=NSView frame=0,0 1080x745 hidden=false inPDF=false selLen=0
2026-01-05 11:31:03.361 swift-frontend[95066:10607665] [PDFSelectDebug] drag loc=589.7,333.4 hit=NSView frame=0,0 1080x745 hidden=false inPDF=false selLen=0
2026-01-05 11:31:03.370 swift-frontend[95066:10607665] [PDFSelectDebug] drag loc=592.1,331.8 hit=NSView frame=0,0 1080x745 hidden=false inPDF=false selLen=0
2026-01-05 11:31:03.378 swift-frontend[95066:10607665] [PDFSelectDebug] drag loc=595.0,330.0 hit=NSView frame=0,0 1080x745 hidden=false inPDF=false selLen=0
2026-01-05 11:31:03.386 swift-frontend[95066:10607665] [PDFSelectDebug] drag loc=597.8,327.6 hit=NSView frame=0,0 1080x745 hidden=false inPDF=false selLen=0
2026-01-05 11:31:03.395 swift-frontend[95066:10607665] [PDFSelectDebug] drag loc=599.8,326.0 hit=NSView frame=0,0 1080x745 hidden=false inPDF=false selLen=0
2026-01-05 11:31:03.403 swift-frontend[95066:10607665] [PDFSelectDebug] drag loc=601.8,324.9 hit=NSView frame=0,0 1080x745 hidden=false inPDF=false selLen=0
2026-01-05 11:31:03.411 swift-frontend[95066:10607665] [PDFSelectDebug] drag loc=604.0,323.6 hit=NSView frame=0,0 1080x745 hidden=false inPDF=false selLen=0
2026-01-05 11:31:03.420 swift-frontend[95066:10607665] [PDFSelectDebug] drag loc=605.7,322.5 hit=NSView frame=0,0 1080x745 hidden=false inPDF=false selLen=0
2026-01-05 11:31:03.428 swift-frontend[95066:10607665] [PDFSelectDebug] drag loc=606.9,321.8 hit=NSView frame=0,0 1080x745 hidden=false inPDF=false selLen=0
2026-01-05 11:31:03.436 swift-frontend[95066:10607665] [PDFSelectDebug] drag loc=608.2,321.0 hit=NSView frame=0,0 1080x745 hidden=false inPDF=false selLen=0
2026-01-05 11:31:03.444 swift-frontend[95066:10607665] [PDFSelectDebug] drag loc=609.8,319.9 hit=NSView frame=0,0 1080x745 hidden=false inPDF=false selLen=0
2026-01-05 11:31:03.453 swift-frontend[95066:10607665] [PDFSelectDebug] drag loc=612.6,318.0 hit=NSView frame=0,0 1080x745 hidden=false inPDF=false selLen=0
2026-01-05 11:31:03.469 swift-frontend[95066:10607665] [PDFSelectDebug] drag loc=616.2,316.5 hit=NSView frame=0,0 1080x745 hidden=false inPDF=false selLen=0
2026-01-05 11:31:03.486 swift-frontend[95066:10607665] [PDFSelectDebug] drag loc=619.6,314.4 hit=NSView frame=0,0 1080x745 hidden=false inPDF=false selLen=0
2026-01-05 11:31:03.494 swift-frontend[95066:10607665] [PDFSelectDebug] drag loc=621.3,313.5 hit=NSView frame=0,0 1080x745 hidden=false inPDF=false selLen=0
2026-01-05 11:31:03.511 swift-frontend[95066:10607665] [PDFSelectDebug] drag loc=623.4,312.6 hit=NSView frame=0,0 1080x745 hidden=false inPDF=false selLen=0
2026-01-05 11:31:03.519 swift-frontend[95066:10607665] [PDFSelectDebug] drag loc=627.6,310.3 hit=NSView frame=0,0 1080x745 hidden=false inPDF=false selLen=0
2026-01-05 11:31:03.528 swift-frontend[95066:10607665] [PDFSelectDebug] drag loc=629.8,309.0 hit=NSView frame=0,0 1080x745 hidden=false inPDF=false selLen=0
2026-01-05 11:31:03.536 swift-frontend[95066:10607665] [PDFSelectDebug] drag loc=632.0,307.8 hit=NSView frame=0,0 1080x745 hidden=false inPDF=false selLen=0
2026-01-05 11:31:03.553 swift-frontend[95066:10607665] [PDFSelectDebug] drag loc=636.4,305.6 hit=NSView frame=0,0 1080x745 hidden=false inPDF=false selLen=0
2026-01-05 11:31:03.561 swift-frontend[95066:10607665] [PDFSelectDebug] drag loc=639.1,304.6 hit=NSView frame=0,0 1080x745 hidden=false inPDF=false selLen=0
2026-01-05 11:31:03.570 swift-frontend[95066:10607665] [PDFSelectDebug] drag loc=641.2,303.4 hit=NSView frame=0,0 1080x745 hidden=false inPDF=false selLen=0
2026-01-05 11:31:03.586 swift-frontend[95066:10607665] [PDFSelectDebug] drag loc=643.3,302.6 hit=NSView frame=0,0 1080x745 hidden=false inPDF=false selLen=0
2026-01-05 11:31:03.594 swift-frontend[95066:10607665] [PDFSelectDebug] drag loc=647.6,300.8 hit=NSView frame=0,0 1080x745 hidden=false inPDF=false selLen=0
2026-01-05 11:31:03.603 swift-frontend[95066:10607665] [PDFSelectDebug] drag loc=649.2,300.1 hit=NSView frame=0,0 1080x745 hidden=false inPDF=false selLen=0
2026-01-05 11:31:03.611 swift-frontend[95066:10607665] [PDFSelectDebug] drag loc=651.2,299.3 hit=NSView frame=0,0 1080x745 hidden=false inPDF=false selLen=0
2026-01-05 11:31:03.620 swift-frontend[95066:10607665] [PDFSelectDebug] drag loc=653.8,298.5 hit=NSView frame=0,0 1080x745 hidden=false inPDF=false selLen=0
2026-01-05 11:31:03.628 swift-frontend[95066:10607665] [PDFSelectDebug] drag loc=656.3,297.7 hit=NSView frame=0,0 1080x745 hidden=false inPDF=false selLen=0
2026-01-05 11:31:03.636 swift-frontend[95066:10607665] [PDFSelectDebug] drag loc=658.5,297.2 hit=NSView frame=0,0 1080x745 hidden=false inPDF=false selLen=0
2026-01-05 11:31:03.644 swift-frontend[95066:10607665] [PDFSelectDebug] drag loc=661.1,296.5 hit=NSView frame=0,0 1080x745 hidden=false inPDF=false selLen=0
2026-01-05 11:31:03.653 swift-frontend[95066:10607665] [PDFSelectDebug] drag loc=664.3,295.8 hit=NSView frame=0,0 1080x745 hidden=false inPDF=false selLen=0
2026-01-05 11:31:03.661 swift-frontend[95066:10607665] [PDFSelectDebug] drag loc=668.1,295.1 hit=NSView frame=0,0 1080x745 hidden=false inPDF=false selLen=0
2026-01-05 11:31:03.670 swift-frontend[95066:10607665] [PDFSelectDebug] drag loc=673.3,294.2 hit=NSView frame=0,0 1080x745 hidden=false inPDF=false selLen=0
2026-01-05 11:31:03.678 swift-frontend[95066:10607665] [PDFSelectDebug] drag loc=678.7,293.3 hit=NSView frame=0,0 1080x745 hidden=false inPDF=false selLen=0
2026-01-05 11:31:03.687 swift-frontend[95066:10607665] [PDFSelectDebug] drag loc=683.7,292.4 hit=NSView frame=0,0 1080x745 hidden=false inPDF=false selLen=0
2026-01-05 11:31:03.694 swift-frontend[95066:10607665] [PDFSelectDebug] drag loc=689.9,291.5 hit=NSView frame=0,0 1080x745 hidden=false inPDF=false selLen=0
2026-01-05 11:31:03.703 swift-frontend[95066:10607665] [PDFSelectDebug] drag loc=694.6,291.0 hit=NSView frame=0,0 1080x745 hidden=false inPDF=false selLen=0
2026-01-05 11:31:03.711 swift-frontend[95066:10607665] [PDFSelectDebug] drag loc=701.5,290.3 hit=NSView frame=0,0 1080x745 hidden=false inPDF=false selLen=0
2026-01-05 11:31:03.719 swift-frontend[95066:10607665] [PDFSelectDebug] drag loc=708.2,289.4 hit=NSView frame=0,0 1080x745 hidden=false inPDF=false selLen=0
2026-01-05 11:31:03.728 swift-frontend[95066:10607665] [PDFSelectDebug] drag loc=712.1,288.7 hit=NSView frame=0,0 1080x745 hidden=false inPDF=false selLen=0
2026-01-05 11:31:03.736 swift-frontend[95066:10607665] [PDFSelectDebug] drag loc=721.5,287.1 hit=NSView frame=0,0 1080x745 hidden=false inPDF=false selLen=0
2026-01-05 11:31:03.753 swift-frontend[95066:10607665] [PDFSelectDebug] drag loc=730.2,285.6 hit=NSView frame=0,0 1080x745 hidden=false inPDF=false selLen=0
2026-01-05 11:31:03.769 swift-frontend[95066:10607665] [PDFSelectDebug] drag loc=738.7,284.0 hit=NSView frame=0,0 1080x745 hidden=false inPDF=false selLen=0
2026-01-05 11:31:03.786 swift-frontend[95066:10607665] [PDFSelectDebug] drag loc=746.3,281.7 hit=NSView frame=0,0 1080x745 hidden=false inPDF=false selLen=0
2026-01-05 11:31:03.795 swift-frontend[95066:10607665] [PDFSelectDebug] drag loc=750.2,280.2 hit=NSView frame=0,0 1080x745 hidden=false inPDF=false selLen=0
2026-01-05 11:31:03.811 swift-frontend[95066:10607665] [PDFSelectDebug] drag loc=753.8,278.6 hit=NSView frame=0,0 1080x745 hidden=false inPDF=false selLen=0
2026-01-05 11:31:03.819 swift-frontend[95066:10607665] [PDFSelectDebug] drag loc=761.0,275.3 hit=NSView frame=0,0 1080x745 hidden=false inPDF=false selLen=0
2026-01-05 11:31:03.828 swift-frontend[95066:10607665] [PDFSelectDebug] drag loc=764.6,273.0 hit=NSView frame=0,0 1080x745 hidden=false inPDF=false selLen=0
2026-01-05 11:31:03.836 swift-frontend[95066:10607665] [PDFSelectDebug] drag loc=770.1,269.0 hit=NSView frame=0,0 1080x745 hidden=false inPDF=false selLen=0
2026-01-05 11:31:03.853 swift-frontend[95066:10607665] [PDFSelectDebug] drag loc=779.0,261.8 hit=NSView frame=0,0 1080x745 hidden=false inPDF=false selLen=0
2026-01-05 11:31:03.861 swift-frontend[95066:10607665] [PDFSelectDebug] drag loc=784.5,256.8 hit=NSView frame=0,0 1080x745 hidden=false inPDF=false selLen=0
2026-01-05 11:31:03.870 swift-frontend[95066:10607665] [PDFSelectDebug] drag loc=788.8,253.3 hit=NSView frame=0,0 1080x745 hidden=false inPDF=false selLen=0
2026-01-05 11:31:03.878 swift-frontend[95066:10607665] [PDFSelectDebug] drag loc=791.9,250.9 hit=NSView frame=0,0 1080x745 hidden=false inPDF=false selLen=0
2026-01-05 11:31:03.886 swift-frontend[95066:10607665] [PDFSelectDebug] drag loc=796.3,247.3 hit=NSView frame=0,0 1080x745 hidden=false inPDF=false selLen=0
2026-01-05 11:31:03.894 swift-frontend[95066:10607665] [PDFSelectDebug] drag loc=801.0,243.3 hit=NSView frame=0,0 1080x745 hidden=false inPDF=false selLen=0
2026-01-05 11:31:03.903 swift-frontend[95066:10607665] [PDFSelectDebug] drag loc=806.6,239.6 hit=NSView frame=0,0 1080x745 hidden=false inPDF=false selLen=0
2026-01-05 11:31:03.911 swift-frontend[95066:10607665] [PDFSelectDebug] drag loc=812.6,235.8 hit=NSView frame=0,0 1080x745 hidden=false inPDF=false selLen=0
2026-01-05 11:31:03.920 swift-frontend[95066:10607665] [PDFSelectDebug] drag loc=819.7,232.1 hit=NSView frame=0,0 1080x745 hidden=false inPDF=false selLen=0
2026-01-05 11:31:03.928 swift-frontend[95066:10607665] [PDFSelectDebug] drag loc=826.9,228.3 hit=NSView frame=0,0 1080x745 hidden=false inPDF=false selLen=0
2026-01-05 11:31:03.936 swift-frontend[95066:10607665] [PDFSelectDebug] drag loc=832.3,226.3 hit=NSView frame=0,0 1080x745 hidden=false inPDF=false selLen=0
2026-01-05 11:31:03.945 swift-frontend[95066:10607665] [PDFSelectDebug] drag loc=838.4,223.9 hit=NSView frame=0,0 1080x745 hidden=false inPDF=false selLen=0
2026-01-05 11:31:03.953 swift-frontend[95066:10607665] [PDFSelectDebug] drag loc=844.6,221.1 hit=NSView frame=0,0 1080x745 hidden=false inPDF=false selLen=0
2026-01-05 11:31:03.961 swift-frontend[95066:10607665] [PDFSelectDebug] drag loc=851.7,218.6 hit=NSView frame=0,0 1080x745 hidden=false inPDF=false selLen=0
2026-01-05 11:31:03.969 swift-frontend[95066:10607665] [PDFSelectDebug] drag loc=859.7,215.8 hit=NSView frame=0,0 1080x745 hidden=false inPDF=false selLen=0
2026-01-05 11:31:03.978 swift-frontend[95066:10607665] [PDFSelectDebug] drag loc=867.8,213.1 hit=NSView frame=0,0 1080x745 hidden=false inPDF=false selLen=0
2026-01-05 11:31:03.986 swift-frontend[95066:10607665] [PDFSelectDebug] drag loc=875.0,210.5 hit=NSView frame=0,0 1080x745 hidden=false inPDF=false selLen=0
2026-01-05 11:31:03.994 swift-frontend[95066:10607665] [PDFSelectDebug] drag loc=879.9,208.7 hit=NSView frame=0,0 1080x745 hidden=false inPDF=false selLen=0
2026-01-05 11:31:04.003 swift-frontend[95066:10607665] [PDFSelectDebug] drag loc=883.8,207.5 hit=NSView frame=0,0 1080x745 hidden=false inPDF=false selLen=0
2026-01-05 11:31:04.011 swift-frontend[95066:10607665] [PDFSelectDebug] drag loc=891.8,204.8 hit=NSView frame=0,0 1080x745 hidden=false inPDF=false selLen=0
2026-01-05 11:31:04.019 swift-frontend[95066:10607665] [PDFSelectDebug] drag loc=900.9,201.9 hit=NSView frame=0,0 1080x745 hidden=false inPDF=false selLen=0
2026-01-05 11:31:04.028 swift-frontend[95066:10607665] [PDFSelectDebug] drag loc=904.5,201.0 hit=NSView frame=0,0 1080x745 hidden=false inPDF=false selLen=0
2026-01-05 11:31:04.036 swift-frontend[95066:10607665] [PDFSelectDebug] drag loc=908.4,200.1 hit=NSView frame=0,0 1080x745 hidden=false inPDF=false selLen=0
2026-01-05 11:31:04.053 swift-frontend[95066:10607665] [PDFSelectDebug] drag loc=911.8,199.3 hit=NSView frame=0,0 1080x745 hidden=false inPDF=false selLen=0
2026-01-05 11:31:04.061 swift-frontend[95066:10607665] [PDFSelectDebug] drag loc=917.3,198.0 hit=NSView frame=0,0 1080x745 hidden=false inPDF=false selLen=0
2026-01-05 11:31:04.070 swift-frontend[95066:10607665] [PDFSelectDebug] drag loc=919.8,197.3 hit=NSView frame=0,0 1080x745 hidden=false inPDF=false selLen=0
2026-01-05 11:31:04.086 swift-frontend[95066:10607665] [PDFSelectDebug] drag loc=923.9,196.1 hit=NSView frame=0,0 1080x745 hidden=false inPDF=false selLen=0
2026-01-05 11:31:04.095 swift-frontend[95066:10607665] [PDFSelectDebug] drag loc=925.6,195.5 hit=NSView frame=0,0 1080x745 hidden=false inPDF=false selLen=0
2026-01-05 11:31:04.111 swift-frontend[95066:10607665] [PDFSelectDebug] drag loc=927.3,195.0 hit=NSView frame=0,0 1080x745 hidden=false inPDF=false selLen=0
2026-01-05 11:31:04.120 swift-frontend[95066:10607665] [PDFSelectDebug] drag loc=929.5,194.0 hit=NSView frame=0,0 1080x745 hidden=false inPDF=false selLen=0
2026-01-05 11:31:04.128 swift-frontend[95066:10607665] [PDFSelectDebug] drag loc=930.4,193.6 hit=NSView frame=0,0 1080x745 hidden=false inPDF=false selLen=0
2026-01-05 11:31:04.136 swift-frontend[95066:10607665] [PDFSelectDebug] drag loc=931.0,193.2 hit=NSView frame=0,0 1080x745 hidden=false inPDF=false selLen=0
2026-01-05 11:31:04.153 swift-frontend[95066:10607665] [PDFSelectDebug] drag loc=931.6,192.6 hit=NSView frame=0,0 1080x745 hidden=false inPDF=false selLen=0
2026-01-05 11:31:04.161 swift-frontend[95066:10607665] [PDFSelectDebug] drag loc=931.9,192.5 hit=NSView frame=0,0 1080x745 hidden=false inPDF=false selLen=0
2026-01-05 11:31:04.170 swift-frontend[95066:10607665] [PDFSelectDebug] drag loc=932.1,192.5 hit=NSView frame=0,0 1080x745 hidden=false inPDF=false selLen=0
2026-01-05 11:31:04.187 swift-frontend[95066:10607665] [PDFSelectDebug] drag loc=932.5,192.5 hit=NSView frame=0,0 1080x745 hidden=false inPDF=false selLen=0
2026-01-05 11:31:04.203 swift-frontend[95066:10607665] [PDFSelectDebug] drag loc=932.7,192.4 hit=NSView frame=0,0 1080x745 hidden=false inPDF=false selLen=0
2026-01-05 11:31:04.211 swift-frontend[95066:10607665] [PDFSelectDebug] drag loc=932.8,192.2 hit=NSView frame=0,0 1080x745 hidden=false inPDF=false selLen=0
2026-01-05 11:31:04.228 swift-frontend[95066:10607665] [PDFSelectDebug] drag loc=933.1,192.2 hit=NSView frame=0,0 1080x745 hidden=false inPDF=false selLen=0
2026-01-05 11:31:04.236 swift-frontend[95066:10607665] [PDFSelectDebug] drag loc=933.3,192.2 hit=NSView frame=0,0 1080x745 hidden=false inPDF=false selLen=0
2026-01-05 11:31:04.245 swift-frontend[95066:10607665] [PDFSelectDebug] drag loc=933.6,192.2 hit=NSView frame=0,0 1080x745 hidden=false inPDF=false selLen=0
2026-01-05 11:31:04.253 swift-frontend[95066:10607665] [PDFSelectDebug] drag loc=934.0,192.1 hit=NSView frame=0,0 1080x745 hidden=false inPDF=false selLen=0
2026-01-05 11:31:04.261 swift-frontend[95066:10607665] [PDFSelectDebug] drag loc=934.3,191.9 hit=NSView frame=0,0 1080x745 hidden=false inPDF=false selLen=0
2026-01-05 11:31:04.270 swift-frontend[95066:10607665] [PDFSelectDebug] drag loc=934.9,191.9 hit=NSView frame=0,0 1080x745 hidden=false inPDF=false selLen=0
2026-01-05 11:31:04.278 swift-frontend[95066:10607665] [PDFSelectDebug] drag loc=935.7,191.9 hit=NSView frame=0,0 1080x745 hidden=false inPDF=false selLen=0
2026-01-05 11:31:04.287 swift-frontend[95066:10607665] [PDFSelectDebug] drag loc=936.9,191.9 hit=NSView frame=0,0 1080x745 hidden=false inPDF=false selLen=0
2026-01-05 11:31:04.294 swift-frontend[95066:10607665] [PDFSelectDebug] drag loc=938.5,191.9 hit=NSView frame=0,0 1080x745 hidden=false inPDF=false selLen=0
2026-01-05 11:31:04.303 swift-frontend[95066:10607665] [PDFSelectDebug] drag loc=940.1,191.6 hit=NSView frame=0,0 1080x745 hidden=false inPDF=false selLen=0
2026-01-05 11:31:04.311 swift-frontend[95066:10607665] [PDFSelectDebug] drag loc=941.7,191.4 hit=NSView frame=0,0 1080x745 hidden=false inPDF=false selLen=0
2026-01-05 11:31:04.319 swift-frontend[95066:10607665] [PDFSelectDebug] drag loc=946.4,190.6 hit=NSView frame=0,0 1080x745 hidden=false inPDF=false selLen=0
2026-01-05 11:31:04.328 swift-frontend[95066:10607665] [PDFSelectDebug] drag loc=949.5,190.0 hit=NSView frame=0,0 1080x745 hidden=false inPDF=false selLen=0
2026-01-05 11:31:04.336 swift-frontend[95066:10607665] [PDFSelectDebug] drag loc=952.5,189.3 hit=NSView frame=0,0 1080x745 hidden=false inPDF=false selLen=0
2026-01-05 11:31:04.353 swift-frontend[95066:10607665] [PDFSelectDebug] drag loc=957.6,188.0 hit=NSView frame=0,0 1080x745 hidden=false inPDF=false selLen=0
2026-01-05 11:31:04.361 swift-frontend[95066:10607665] [PDFSelectDebug] drag loc=959.9,187.4 hit=NSView frame=0,0 1080x745 hidden=false inPDF=false selLen=0
2026-01-05 11:31:04.369 swift-frontend[95066:10607665] [PDFSelectDebug] drag loc=962.1,186.7 hit=NSView frame=0,0 1080x745 hidden=false inPDF=false selLen=0
2026-01-05 11:31:04.386 swift-frontend[95066:10607665] [PDFSelectDebug] drag loc=963.5,186.2 hit=NSView frame=0,0 1080x745 hidden=false inPDF=false selLen=0
2026-01-05 11:31:04.395 swift-frontend[95066:10607665] [PDFSelectDebug] drag loc=966.1,185.2 hit=NSView frame=0,0 1080x745 hidden=false inPDF=false selLen=0
2026-01-05 11:31:04.403 swift-frontend[95066:10607665] [PDFSelectDebug] drag loc=967.0,184.8 hit=NSView frame=0,0 1080x745 hidden=false inPDF=false selLen=0
2026-01-05 11:31:04.420 swift-frontend[95066:10607665] [PDFSelectDebug] drag loc=968.2,184.0 hit=NSView frame=0,0 1080x745 hidden=false inPDF=false selLen=0
2026-01-05 11:31:04.428 swift-frontend[95066:10607665] [PDFSelectDebug] drag loc=968.8,183.8 hit=NSView frame=0,0 1080x745 hidden=false inPDF=false selLen=0
2026-01-05 11:31:04.444 swift-frontend[95066:10607665] [PDFSelectDebug] drag loc=969.9,183.4 hit=NSView frame=0,0 1080x745 hidden=false inPDF=false selLen=0
2026-01-05 11:31:04.453 swift-frontend[95066:10607665] [PDFSelectDebug] drag loc=970.2,183.3 hit=NSView frame=0,0 1080x745 hidden=false inPDF=false selLen=0
2026-01-05 11:31:04.461 swift-frontend[95066:10607665] [PDFSelectDebug] drag loc=970.5,183.1 hit=NSView frame=0,0 1080x745 hidden=false inPDF=false selLen=0
2026-01-05 11:31:04.486 swift-frontend[95066:10607665] [PDFSelectDebug] drag loc=970.8,183.1 hit=NSView frame=0,0 1080x745 hidden=false inPDF=false selLen=0
2026-01-05 11:31:04.561 swift-frontend[95066:10607665] [PDFSelectDebug] drag loc=970.9,183.0 hit=NSView frame=0,0 1080x745 hidden=false inPDF=false selLen=0
2026-01-05 11:31:04.628 swift-frontend[95066:10607665] [PDFSelectDebug] up loc=970.9,183.0 hit=NSView frame=0,0 1080x745 hidden=false inPDF=false selLen=0 selPages=0
2026-01-05 11:31:12.324 swift-frontend[95066:10607665] [PDFSelectDebug] down loc=627.6,175.8 isShowingPDF=true loadingHidden=true hit=NSView frame=0,0 1080x745 hidden=false inPDF=false selLen=0 selPages=0 chain=NSView -> GapSplitView -> NSView -> GapSplitView -> NSView -> NSThemeFrame
2026-01-05 11:31:12.415 swift-frontend[95066:10607665] [PDFSelectDebug] up loc=627.6,175.8 hit=NSView frame=0,0 1080x745 hidden=false inPDF=false selLen=0 selPages=0
2026-01-05 11:31:12.857 swift-frontend[95066:10607665] [PDFEager] cleanup_start reason=window_close dir=/var/folders/p5/s6c93d_s38j4sy11sd_js3s40000gn/T/appCache/pdfs/session-FDA877A2-0DB1-4537-90AF-E647C21259FF
2026-01-05 11:31:12.858 swift-frontend[95066:10608064] [PDFEager] cleanup dir=/var/folders/p5/s6c93d_s38j4sy11sd_js3s40000gn/T/appCache/pdfs/session-FDA877A2-0DB1-4537-90AF-E647C21259FF existed_before=false exists_after=false
