arxiv-picker.swift:3604:16: warning: unnecessary check for 'macOS'; enclosing scope ensures guard will always be true
 3588 |         // The pill's animations are driven by masks/strokes on this view's layer, so only the
 3589 |         // underlying background implementation changes.
 3590 |         if #available(macOS 26.0, *) {
      |         `- note: enclosing scope here
 3591 |             let v = PassthroughGlassEffectView(frame: .zero)
 3592 |             v.style = .regular
      :
 3602 |             v.wantsLayer = true
 3603 |             v.layer?.masksToBounds = true
 3604 |             if #available(macOS 10.13, *) {
      |                `- warning: unnecessary check for 'macOS'; enclosing scope ensures guard will always be true
 3605 |                 v.layer?.cornerCurve = .continuous
 3606 |             }

arxiv-picker.swift:10350:20: warning: unnecessary check for 'macOS'; enclosing scope ensures guard will always be true
10328 |         } else {
10329 |             // Use a passthrough glass/effect view so the titlebar reads like the same surface as the search bar.
10330 |             if #available(macOS 26.0, *) {
      |             `- note: enclosing scope here
10331 |                 let v = PassthroughGlassEffectView(frame: titlebarContainer.bounds)
10332 |                 v.translatesAutoresizingMaskIntoConstraints = false
      :
10348 |                 v.wantsLayer = true
10349 |                 v.layer?.masksToBounds = true
10350 |                 if #available(macOS 10.13, *) { v.layer?.cornerCurve = .continuous }
      |                    `- warning: unnecessary check for 'macOS'; enclosing scope ensures guard will always be true
10351 |                 // Match the search bar's fallback material choices.
10352 |                 v.material = currentSearchBarTheme().fallbackMaterial

arxiv-picker.swift:20160:14: warning: weak variable 'weakController' was never mutated; consider changing to 'let' constant [#WeakMutability]
20158 | 
20159 | if ProcessInfo.processInfo.environment["ARXIV_UI_DEBUG"] == "1" {
20160 |     weak var weakController = controller
      |              `- warning: weak variable 'weakController' was never mutated; consider changing to 'let' constant [#WeakMutability]
20161 |     DispatchQueue.main.asyncAfter(deadline: .now() + 1.0) {
20162 |         let window = weakController?.window

arxiv-picker.swift:20170:14: warning: weak variable 'weakController' was never mutated; consider changing to 'let' constant [#WeakMutability]
20168 | 
20169 | if launchDebugEnabled {
20170 |     weak var weakController = controller
      |              `- warning: weak variable 'weakController' was never mutated; consider changing to 'let' constant [#WeakMutability]
20171 |     DispatchQueue.main.asyncAfter(deadline: .now() + 1.0) {
20172 |         let window = weakController?.window

arxiv-picker.swift:264:29: warning: 'current' was deprecated in macOS 12.0: Use -performAsCurrentDrawingAppearance: to temporarily set the drawing appearance, or +currentDrawingAppearance to access the currently drawing appearance. [#DeprecatedDeclaration]
  262 |         let appearanceName = snapshot().nsAppearanceName
  263 |         let appearance = NSAppearance(named: appearanceName)
  264 |             ?? NSAppearance.current
      |                             `- warning: 'current' was deprecated in macOS 12.0: Use -performAsCurrentDrawingAppearance: to temporarily set the drawing appearance, or +currentDrawingAppearance to access the currently drawing appearance. [#DeprecatedDeclaration]
  265 |             ?? NSAppearance(named: .aqua)
  266 |             ?? NSAppearance(named: .darkAqua)

arxiv-picker.swift:347:15: warning: 'disableScreenUpdatesUntilFlush()' was deprecated in macOS 15.0: This method does not do anything and should not be called. [#DeprecatedDeclaration]
  345 |         let windows = NSApp.windows
  346 |         for w in windows {
  347 |             w.disableScreenUpdatesUntilFlush()
      |               `- warning: 'disableScreenUpdatesUntilFlush()' was deprecated in macOS 15.0: This method does not do anything and should not be called. [#DeprecatedDeclaration]
  348 |         }
  349 | 

arxiv-picker.swift:323:13: warning: variable 'oldSnapshot' was written to, but never read
  321 | 
  322 |         var newSnapshot: AppearanceSnapshot?
  323 |         var oldSnapshot: AppearanceSnapshot?
      |             `- warning: variable 'oldSnapshot' was written to, but never read
  324 | 
  325 |         lock.lock()

arxiv-picker.swift:415:25: warning: 'current' was deprecated in macOS 12.0: Use -performAsCurrentDrawingAppearance: to temporarily set the drawing appearance, or +currentDrawingAppearance to access the currently drawing appearance. [#DeprecatedDeclaration]
  413 |     let name = AppearanceManager.shared.snapshot().nsAppearanceName
  414 |     return NSAppearance(named: name)
  415 |         ?? NSAppearance.current
      |                         `- warning: 'current' was deprecated in macOS 12.0: Use -performAsCurrentDrawingAppearance: to temporarily set the drawing appearance, or +currentDrawingAppearance to access the currently drawing appearance. [#DeprecatedDeclaration]
  416 |         ?? NSAppearance(named: .aqua)
  417 |         ?? NSAppearance(named: .darkAqua)

arxiv-picker.swift:654:22: warning: 'CVDisplayLinkCreateWithActiveCGDisplays' was deprecated in macOS 15.0: use NSView.displayLink(target:selector:), NSWindow.displayLink(target:selector:), or NSScreen.displayLink(target:selector:)  [#DeprecatedDeclaration]
  652 | 
  653 |         var link: CVDisplayLink?
  654 |         let result = CVDisplayLinkCreateWithActiveCGDisplays(&link)
      |                      `- warning: 'CVDisplayLinkCreateWithActiveCGDisplays' was deprecated in macOS 15.0: use NSView.displayLink(target:selector:), NSWindow.displayLink(target:selector:), or NSScreen.displayLink(target:selector:)  [#DeprecatedDeclaration]
  655 |         guard result == kCVReturnSuccess, let created = link else {
  656 |             os_log("CVDisplayLinkCreate failed=%d", log: log, type: .error, result)

arxiv-picker.swift:670:9: warning: 'CVDisplayLinkSetOutputCallback' was deprecated in macOS 15.0: use NSView.displayLink(target:selector:), NSWindow.displayLink(target:selector:), or NSScreen.displayLink(target:selector:)  [#DeprecatedDeclaration]
  668 |         }
  669 | 
  670 |         CVDisplayLinkSetOutputCallback(created, callback, Unmanaged.passUnretained(self).toOpaque())
      |         `- warning: 'CVDisplayLinkSetOutputCallback' was deprecated in macOS 15.0: use NSView.displayLink(target:selector:), NSWindow.displayLink(target:selector:), or NSScreen.displayLink(target:selector:)  [#DeprecatedDeclaration]
  671 |         CVDisplayLinkStart(created)
  672 | 

arxiv-picker.swift:671:9: warning: 'CVDisplayLinkStart' was deprecated in macOS 15.0: use NSView.displayLink(target:selector:), NSWindow.displayLink(target:selector:), or NSScreen.displayLink(target:selector:)  [#DeprecatedDeclaration]
  669 | 
  670 |         CVDisplayLinkSetOutputCallback(created, callback, Unmanaged.passUnretained(self).toOpaque())
  671 |         CVDisplayLinkStart(created)
      |         `- warning: 'CVDisplayLinkStart' was deprecated in macOS 15.0: use NSView.displayLink(target:selector:), NSWindow.displayLink(target:selector:), or NSScreen.displayLink(target:selector:)  [#DeprecatedDeclaration]
  672 | 
  673 |         lock.lock()

arxiv-picker.swift:685:9: warning: 'CVDisplayLinkStop' was deprecated in macOS 15.0: use NSView.displayLink(target:selector:), NSWindow.displayLink(target:selector:), or NSScreen.displayLink(target:selector:)  [#DeprecatedDeclaration]
  683 |         displayLink = nil
  684 |         lock.unlock()
  685 |         CVDisplayLinkStop(link)
      |         `- warning: 'CVDisplayLinkStop' was deprecated in macOS 15.0: use NSView.displayLink(target:selector:), NSWindow.displayLink(target:selector:), or NSScreen.displayLink(target:selector:)  [#DeprecatedDeclaration]
  686 |     }
  687 | }

arxiv-picker.swift:7983:60: warning: 'selectedMenuItemColor' was deprecated in macOS 11.0: Use NSVisualEffectMaterialSelection [#DeprecatedDeclaration]
 7981 |         let enabled = menuItem?.isEnabled ?? true
 7982 |         let active = enabled && (isHovering || isMenuHighlighted)
 7983 |         let highlightColor = active ? resolvedSystemColor(.selectedMenuItemColor) : .clear
      |                                                            `- warning: 'selectedMenuItemColor' was deprecated in macOS 11.0: Use NSVisualEffectMaterialSelection [#DeprecatedDeclaration]
 7984 | 
 7985 |         CATransaction.begin()

arxiv-picker.swift:15767:34: warning: use '#selector' instead of explicitly constructing a 'Selector'
15765 | 
15766 |             // Some PDFKit internal views respond to KVC backgroundColor.
15767 |             if view.responds(to: Selector(("setBackgroundColor:"))) {
      |                                  `- warning: use '#selector' instead of explicitly constructing a 'Selector'
15768 |                 view.setValue(bg, forKey: "backgroundColor")
15769 |             }

2026-01-05 11:11:22.777 swift-frontend[77726:10562189] [PDFEager] cache_dir=/var/folders/p5/s6c93d_s38j4sy11sd_js3s40000gn/T/appCache/pdfs/session-BD1FAD71-862A-410D-B128-DDB3EC0B0F37 concurrent=8
2026-01-05 11:11:22.946 swift-frontend[77726:10562189] [UIDebug] right_divider_will_resize
2026-01-05 11:11:22.946 swift-frontend[77726:10562189] [UIDebug] right_divider_will_resize
2026-01-05 11:11:22.947 swift-frontend[77726:10562189] [UIDebug] right_divider_will_resize
2026-01-05 11:11:23.075 swift-frontend[77726:10562189] [UIDebug] right_divider_will_resize
2026-01-05 11:11:23.076 swift-frontend[77726:10562189] [UIDebug] right_divider_will_resize
2026-01-05 11:11:23.090 swift-frontend[77726:10562189] [UIDebug] right_divider_will_resize
2026-01-05 11:11:23.096 swift-frontend[77726:10562189] [UIDebug] right_divider_will_resize
2026-01-05 11:11:23.098 swift-frontend[77726:10562189] [UIDebug] right_divider_will_resize
2026-01-05 11:11:23.118 swift-frontend[77726:10562189] [UIDebug] sidebar_split_state width=340 visible=true
2026-01-05 11:11:23.118 swift-frontend[77726:10562189] [UIDebug] view_tree_begin reason=initial
2026-01-05 11:11:23.118 swift-frontend[77726:10562189] [UIDebug] NSView 0x0000000a96ff5b80  frame=0.0,0.0 1512.0x832.0 tamic=true hidden=false
2026-01-05 11:11:23.118 swift-frontend[77726:10562189] [UIDebug]   [0]
2026-01-05 11:11:23.118 swift-frontend[77726:10562189] [UIDebug]   StaticBackgroundImageView 0x0000000a96ff6d00  frame=0.0,0.0 1512.0x832.0 tamic=false hidden=false
2026-01-05 11:11:23.118 swift-frontend[77726:10562189] [UIDebug]     [0]
2026-01-05 11:11:23.118 swift-frontend[77726:10562189] [UIDebug]     NSImageView 0x0000000a96ff6f80  frame=0.0,0.0 1512.0x832.0 tamic=true hidden=false
2026-01-05 11:11:23.118 swift-frontend[77726:10562189] [UIDebug]       [0]
2026-01-05 11:11:23.118 swift-frontend[77726:10562189] [UIDebug]       _NSImageViewSimpleImageView 0x0000000a96fad180  frame=0.0,0.0 0.0x0.0 tamic=true hidden=false
2026-01-05 11:11:23.118 swift-frontend[77726:10562189] [UIDebug]     [1]
2026-01-05 11:11:23.118 swift-frontend[77726:10562189] [UIDebug]     NSImageView 0x0000000a96ff7200  frame=0.0,0.0 1512.0x832.0 tamic=true hidden=false
2026-01-05 11:11:23.118 swift-frontend[77726:10562189] [UIDebug]       [0]
2026-01-05 11:11:23.118 swift-frontend[77726:10562189] [UIDebug]       _NSImageViewSimpleImageView 0x0000000a96f89680  frame=0.0,0.0 0.0x0.0 tamic=true hidden=false
2026-01-05 11:11:23.118 swift-frontend[77726:10562189] [UIDebug]   [1]
2026-01-05 11:11:23.118 swift-frontend[77726:10562189] [UIDebug]   CardEdgeGlowView 0x0000000a96830c80  frame=32.0,32.0 340.0x740.0 tamic=true hidden=false
2026-01-05 11:11:23.118 swift-frontend[77726:10562189] [UIDebug]   [2]
2026-01-05 11:11:23.118 swift-frontend[77726:10562189] [UIDebug]   GapSplitView 0x000000010c22f000 SplitView frame=32.0,32.0 1448.0x740.0 tamic=false hidden=false
2026-01-05 11:11:23.118 swift-frontend[77726:10562189] [UIDebug]     [0]
2026-01-05 11:11:23.118 swift-frontend[77726:10562189] [UIDebug]     GlassCardView 0x0000000ad181c000 LeftPanel frame=0.0,0.0 340.0x740.0 tamic=true hidden=false
2026-01-05 11:11:23.118 swift-frontend[77726:10562189] [UIDebug]       [0]
2026-01-05 11:11:23.118 swift-frontend[77726:10562189] [UIDebug]       NSView 0x0000000a96f8a080  frame=0.0,0.0 340.0x740.0 tamic=true hidden=false
2026-01-05 11:11:23.119 swift-frontend[77726:10562189] [UIDebug]         [0]
2026-01-05 11:11:23.119 swift-frontend[77726:10562189] [UIDebug]         NSView 0x0000000a96f8a300  frame=0.0,0.0 0.0x0.0 tamic=true hidden=true
2026-01-05 11:11:23.119 swift-frontend[77726:10562189] [UIDebug]           [0]
2026-01-05 11:11:23.119 swift-frontend[77726:10562189] [UIDebug]           NSTextField 0x000000010c22fe00  frame=0.0,0.0 4.0x16.0 tamic=true hidden=false
2026-01-05 11:11:23.119 swift-frontend[77726:10562189] [UIDebug]             [0]
2026-01-05 11:11:23.119 swift-frontend[77726:10562189] [UIDebug]             NSTextFieldSimpleLabel 0x0000000a96823900  frame=0.0,0.0 4.0x16.0 tamic=true hidden=false
2026-01-05 11:11:23.119 swift-frontend[77726:10562189] [UIDebug]         [1]
2026-01-05 11:11:23.119 swift-frontend[77726:10562189] [UIDebug]         NSView 0x0000000a96f8a580  frame=0.0,0.0 0.0x0.0 tamic=true hidden=true
2026-01-05 11:11:23.119 swift-frontend[77726:10562189] [UIDebug]         [2]
2026-01-05 11:11:23.119 swift-frontend[77726:10562189] [UIDebug]         PassthroughGlassEffectView 0x0000000a96822400  frame=10.0,644.0 320.0x42.0 tamic=true hidden=false
2026-01-05 11:11:23.119 swift-frontend[77726:10562189] [UIDebug]           [0]
2026-01-05 11:11:23.119 swift-frontend[77726:10562189] [UIDebug]           ContentHolderView 0x0000000a96830a00  frame=0.0,0.0 320.0x42.0 tamic=false hidden=false
2026-01-05 11:11:23.119 swift-frontend[77726:10562189] [UIDebug]           [1]
2026-01-05 11:11:23.119 swift-frontend[77726:10562189] [UIDebug]           _NSCoreHostingView<RootView> 0x0000000ad181d880  frame=0.0,0.0 320.0x42.0 tamic=false hidden=false
2026-01-05 11:11:23.119 swift-frontend[77726:10562189] [UIDebug]         [3]
2026-01-05 11:11:23.119 swift-frontend[77726:10562189] [UIDebug]         NoScrollScrollView 0x0000000ad1784f00  frame=10.0,10.0 320.0x676.0 tamic=true hidden=false
2026-01-05 11:11:23.119 swift-frontend[77726:10562189] [UIDebug]           [0]
2026-01-05 11:11:23.119 swift-frontend[77726:10562189] [UIDebug]           NSClipView 0x0000000a96f2f900  frame=0.0,0.0 320.0x676.0 tamic=true hidden=false
2026-01-05 11:11:23.119 swift-frontend[77726:10562189] [UIDebug]             [0]
2026-01-05 11:11:23.119 swift-frontend[77726:10562189] [UIDebug]             NoScrollTableView 0x0000000ad1784a00  frame=0.0,0.0 332.0x656.0 tamic=true hidden=false
2026-01-05 11:11:23.119 swift-frontend[77726:10562189] [UIDebug]               [0]
2026-01-05 11:11:23.119 swift-frontend[77726:10562189] [UIDebug]               ElasticRowView 0x0000000ad18b7b80  frame=0.0,0.0 332.0x24.0 tamic=true hidden=false
2026-01-05 11:11:23.119 swift-frontend[77726:10562189] [UIDebug]                 [0]
2026-01-05 11:11:23.119 swift-frontend[77726:10562189] [UIDebug]                 _NSTableRowSeparatorDrawingView 0x0000000a9694e080  frame=0.0,0.0 332.0x24.0 tamic=true hidden=false
2026-01-05 11:11:23.119 swift-frontend[77726:10562189] [UIDebug]                 [1]
2026-01-05 11:11:23.119 swift-frontend[77726:10562189] [UIDebug]                 LeftTwoColumnCellView 0x0000000a96949500  frame=6.0,0.0 320.0x24.0 tamic=true hidden=false
2026-01-05 11:11:23.119 swift-frontend[77726:10562189] [UIDebug]                   [0]
2026-01-05 11:11:23.119 swift-frontend[77726:10562189] [UIDebug]                   NSTextField 0x0000000ad198c000  frame=26.0,5.0 184.0x15.0 tamic=false hidden=false
2026-01-05 11:11:23.119 swift-frontend[77726:10562189] [UIDebug]                     [0]
2026-01-05 11:11:23.119 swift-frontend[77726:10562189] [UIDebug]                     NSTextFieldSimpleLabel 0x0000000a96949800  frame=0.0,0.0 184.0x15.0 tamic=true hidden=false
2026-01-05 11:11:23.119 swift-frontend[77726:10562189] [UIDebug]                   [1]
2026-01-05 11:11:23.119 swift-frontend[77726:10562189] [UIDebug]                   NSTextField 0x0000000ad198c380  frame=212.5,5.0 81.5x15.0 tamic=false hidden=false
2026-01-05 11:11:23.119 swift-frontend[77726:10562189] [UIDebug]                     [0]
2026-01-05 11:11:23.119 swift-frontend[77726:10562189] [UIDebug]                     NSTextFieldSimpleLabel 0x0000000a96949b00  frame=0.0,0.0 81.5x15.0 tamic=true hidden=false
2026-01-05 11:11:23.119 swift-frontend[77726:10562189] [UIDebug]     [1]
2026-01-05 11:11:23.120 swift-frontend[77726:10562189] [UIDebug]     NSView 0x0000000a96f88780  frame=354.0,0.0 1094.0x740.0 tamic=true hidden=false
2026-01-05 11:11:23.120 swift-frontend[77726:10562189] [UIDebug]       [0]
2026-01-05 11:11:23.120 swift-frontend[77726:10562189] [UIDebug]       GapSplitView 0x000000010c22f380  frame=0.0,0.0 1094.0x740.0 tamic=false hidden=false
2026-01-05 11:11:23.120 swift-frontend[77726:10562189] [UIDebug]         [0]
2026-01-05 11:11:23.120 swift-frontend[77726:10562189] [UIDebug]         NSView 0x0000000a96f8af80  frame=0.0,0.0 1080.0x740.0 tamic=true hidden=false
2026-01-05 11:11:23.120 swift-frontend[77726:10562189] [UIDebug]           [0]
2026-01-05 11:11:23.120 swift-frontend[77726:10562189] [UIDebug]           PassthroughView 0x0000000a96830500 RightPanel frame=0.0,0.0 1080.0x740.0 tamic=false hidden=false
2026-01-05 11:11:23.120 swift-frontend[77726:10562189] [UIDebug]             [0]
2026-01-05 11:11:23.120 swift-frontend[77726:10562189] [UIDebug]             NSView 0x0000000a96f8b200  frame=0.0,0.0 1080.0x740.0 tamic=true hidden=false
2026-01-05 11:11:23.120 swift-frontend[77726:10562189] [UIDebug]               [0]
2026-01-05 11:11:23.120 swift-frontend[77726:10562189] [UIDebug]               PassthroughView 0x0000000a96f8b700  frame=0.0,0.0 1080.0x740.0 tamic=true hidden=true
2026-01-05 11:11:23.120 swift-frontend[77726:10562189] [UIDebug]               [1]
2026-01-05 11:11:23.120 swift-frontend[77726:10562189] [UIDebug]               RightPanelContentHostView 0x0000000a96f8b480  frame=10.0,10.0 1060.0x720.0 tamic=false hidden=false
2026-01-05 11:11:23.120 swift-frontend[77726:10562189] [UIDebug]                 [0]
2026-01-05 11:11:23.120 swift-frontend[77726:10562189] [UIDebug]                 HorizontalLockedWKWebView 0x0000000a96f3a800  frame=0.0,0.0 1060.0x720.0 tamic=false hidden=false
2026-01-05 11:11:23.120 swift-frontend[77726:10562189] [UIDebug]                   [0]
2026-01-05 11:11:23.120 swift-frontend[77726:10562189] [UIDebug]                   WKFlippedView 0x0000000a96fac780  frame=0.0,0.0 1060.0x720.0 tamic=true hidden=false
2026-01-05 11:11:23.120 swift-frontend[77726:10562189] [UIDebug]                 [1]
2026-01-05 11:11:23.120 swift-frontend[77726:10562189] [UIDebug]                 ZoomablePDFView 0x0000000a96faca00  frame=0.0,0.0 1060.0x720.0 tamic=false hidden=true
2026-01-05 11:11:23.120 swift-frontend[77726:10562189] [UIDebug]                   [0]
2026-01-05 11:11:23.120 swift-frontend[77726:10562189] [UIDebug]                   PDFScrollView 0x0000000ad1785400  frame=0.0,0.0 1060.0x720.0 tamic=true hidden=false
2026-01-05 11:11:23.120 swift-frontend[77726:10562189] [UIDebug]                     [0]
2026-01-05 11:11:23.120 swift-frontend[77726:10562189] [UIDebug]                     _NSScrollViewContentBackgroundView 0x0000000a96facc80  frame=0.0,0.0 1060.0x720.0 tamic=true hidden=false
2026-01-05 11:11:23.120 swift-frontend[77726:10562189] [UIDebug]                     [1]
2026-01-05 11:11:23.120 swift-frontend[77726:10562189] [UIDebug]                     PDFClipView 0x0000000a96fb8900  frame=0.0,0.0 1060.0x720.0 tamic=true hidden=false
2026-01-05 11:11:23.120 swift-frontend[77726:10562189] [UIDebug]                     [2]
2026-01-05 11:11:23.120 swift-frontend[77726:10562189] [UIDebug]                     NSScroller 0x0000000a96fb8c00  frame=-100.0,-100.0 17.0x0.0 tamic=true hidden=true
2026-01-05 11:11:23.120 swift-frontend[77726:10562189] [UIDebug]                 [2]
2026-01-05 11:11:23.120 swift-frontend[77726:10562189] [UIDebug]                 PassthroughVisualEffectView 0x0000000a96fb8f00  frame=0.0,0.0 1060.0x720.0 tamic=false hidden=true
2026-01-05 11:11:23.120 swift-frontend[77726:10562189] [UIDebug]               [2]
2026-01-05 11:11:23.120 swift-frontend[77726:10562189] [UIDebug]               NSView 0x0000000a96831400  frame=0.0,0.0 0.0x0.0 tamic=true hidden=true
2026-01-05 11:11:23.120 swift-frontend[77726:10562189] [UIDebug]                 [0]
2026-01-05 11:11:23.120 swift-frontend[77726:10562189] [UIDebug]                 GlassCardView 0x0000000ad181dc00  frame=0.0,0.0 0.0x0.0 tamic=true hidden=false
2026-01-05 11:11:23.120 swift-frontend[77726:10562189] [UIDebug]                 [1]
2026-01-05 11:11:23.120 swift-frontend[77726:10562189] [UIDebug]                 NSView 0x0000000a96fad680  frame=0.0,0.0 0.0x0.0 tamic=true hidden=false
2026-01-05 11:11:23.120 swift-frontend[77726:10562189] [UIDebug]                   [0]
2026-01-05 11:11:23.120 swift-frontend[77726:10562189] [UIDebug]                   NSSearchField 0x0000000ad17d4000  frame=0.0,0.0 0.0x0.0 tamic=true hidden=false
2026-01-05 11:11:23.121 swift-frontend[77726:10562189] [UIDebug]                     [0]
2026-01-05 11:11:23.121 swift-frontend[77726:10562189] [UIDebug]                     NSTextFieldSimpleLabel 0x0000000a968d4300  frame=11.0,0.0 0.0x0.0 tamic=true hidden=false
2026-01-05 11:11:23.121 swift-frontend[77726:10562189] [UIDebug]                     [1]
2026-01-05 11:11:23.121 swift-frontend[77726:10562189] [UIDebug]                     NSButton 0x0000000a96832300  frame=2.0,-7.5 21.0x15.0 tamic=true hidden=false
2026-01-05 11:11:23.121 swift-frontend[77726:10562189] [UIDebug]                       [0]
2026-01-05 11:11:23.121 swift-frontend[77726:10562189] [UIDebug]                       NSButtonImageView 0x0000000a96832580  frame=2.5,0.0 16.0x15.0 tamic=true hidden=false
2026-01-05 11:11:23.121 swift-frontend[77726:10562189] [UIDebug]                   [1]
2026-01-05 11:11:23.121 swift-frontend[77726:10562189] [UIDebug]                   NSTextField 0x0000000ad17d4380  frame=0.0,0.0 4.0x16.0 tamic=true hidden=false
2026-01-05 11:11:23.121 swift-frontend[77726:10562189] [UIDebug]                     [0]
2026-01-05 11:11:23.121 swift-frontend[77726:10562189] [UIDebug]                     NSTextFieldSimpleLabel 0x0000000a968d4600  frame=0.0,0.0 4.0x16.0 tamic=true hidden=false
2026-01-05 11:11:23.121 swift-frontend[77726:10562189] [UIDebug]                   [2]
2026-01-05 11:11:23.121 swift-frontend[77726:10562189] [UIDebug]                   GlassCardView 0x0000000ad181df80  frame=0.0,0.0 0.0x0.0 tamic=true hidden=false
2026-01-05 11:11:23.121 swift-frontend[77726:10562189] [UIDebug]                   [3]
2026-01-05 11:11:23.121 swift-frontend[77726:10562189] [UIDebug]                   GlassCardView 0x0000000ad181e300  frame=0.0,0.0 0.0x0.0 tamic=true hidden=false
2026-01-05 11:11:23.121 swift-frontend[77726:10562189] [UIDebug]                   [4]
2026-01-05 11:11:23.121 swift-frontend[77726:10562189] [UIDebug]                   GlassToolbarButton 0x0000000a96fb9500  frame=0.0,0.0 0.0x0.0 tamic=true hidden=false
2026-01-05 11:11:23.121 swift-frontend[77726:10562189] [UIDebug]                   [5]
2026-01-05 11:11:23.121 swift-frontend[77726:10562189] [UIDebug]                   GlassToolbarButton 0x0000000a96fb9800  frame=0.0,0.0 0.0x0.0 tamic=true hidden=false
2026-01-05 11:11:23.121 swift-frontend[77726:10562189] [UIDebug]               [3]
2026-01-05 11:11:23.121 swift-frontend[77726:10562189] [UIDebug]               NSGlassEffectView 0x0000000a96823600  frame=10.0,10.0 1060.0x720.0 tamic=false hidden=true
2026-01-05 11:11:23.121 swift-frontend[77726:10562189] [UIDebug]                 [0]
2026-01-05 11:11:23.121 swift-frontend[77726:10562189] [UIDebug]                 ContentHolderView 0x0000000a96831680  frame=0.0,0.0 1060.0x720.0 tamic=false hidden=false
2026-01-05 11:11:23.121 swift-frontend[77726:10562189] [UIDebug]                 [1]
2026-01-05 11:11:23.121 swift-frontend[77726:10562189] [UIDebug]                 _NSCoreHostingView<RootView> 0x0000000ad181e680  frame=0.0,0.0 1060.0x720.0 tamic=false hidden=false
2026-01-05 11:11:23.121 swift-frontend[77726:10562189] [UIDebug]                 [2]
2026-01-05 11:11:23.121 swift-frontend[77726:10562189] [UIDebug]                 NSProgressIndicator 0x0000000a96fadb80  frame=521.0,365.0 18.0x18.0 tamic=true hidden=false
2026-01-05 11:11:23.121 swift-frontend[77726:10562189] [UIDebug]                 [3]
2026-01-05 11:11:23.121 swift-frontend[77726:10562189] [UIDebug]                 NSTextField 0x0000000ad17d4700  frame=24.0,337.0 1012.0x18.0 tamic=true hidden=false
2026-01-05 11:11:23.121 swift-frontend[77726:10562189] [UIDebug]                   [0]
2026-01-05 11:11:23.121 swift-frontend[77726:10562189] [UIDebug]                   NSTextFieldSimpleLabel 0x0000000a968d4900  frame=0.0,0.0 1012.0x18.0 tamic=true hidden=false
2026-01-05 11:11:23.121 swift-frontend[77726:10562189] [UIDebug]           [1]
2026-01-05 11:11:23.121 swift-frontend[77726:10562189] [UIDebug]           GlassCardView 0x0000000ad181ce00  frame=1080.0,0.0 0.0x740.0 tamic=false hidden=true
2026-01-05 11:11:23.121 swift-frontend[77726:10562189] [UIDebug]         [1]
2026-01-05 11:11:23.121 swift-frontend[77726:10562189] [UIDebug]         GlassCardView 0x0000000ad181d180  frame=573.5,0.0 559.0x740.0 tamic=true hidden=true
2026-01-05 11:11:23.122 swift-frontend[77726:10562189] [UIDebug]           [0]
2026-01-05 11:11:23.122 swift-frontend[77726:10562189] [UIDebug]           NSView 0x0000000a96f88c80  frame=0.0,0.0 559.0x740.0 tamic=true hidden=false
2026-01-05 11:11:23.122 swift-frontend[77726:10562189] [UIDebug]             [0]
2026-01-05 11:11:23.122 swift-frontend[77726:10562189] [UIDebug]             NSTextField 0x000000010c22f700  frame=10.0,714.0 539.0x16.0 tamic=true hidden=false
2026-01-05 11:11:23.122 swift-frontend[77726:10562189] [UIDebug]               [0]
2026-01-05 11:11:23.122 swift-frontend[77726:10562189] [UIDebug]               NSTextFieldSimpleLabel 0x0000000a968d4c00  frame=0.0,0.0 539.0x16.0 tamic=true hidden=false
2026-01-05 11:11:23.122 swift-frontend[77726:10562189] [UIDebug]             [1]
2026-01-05 11:11:23.122 swift-frontend[77726:10562189] [UIDebug]             NSView 0x0000000a96f88f00  frame=10.0,707.0 539.0x1.0 tamic=true hidden=false
2026-01-05 11:11:23.122 swift-frontend[77726:10562189] [UIDebug]             [2]
2026-01-05 11:11:23.122 swift-frontend[77726:10562189] [UIDebug]             NSView 0x0000000a96f89b80  frame=10.0,56.0 539.0x3.0 tamic=true hidden=false
2026-01-05 11:11:23.122 swift-frontend[77726:10562189] [UIDebug]             [3]
2026-01-05 11:11:23.122 swift-frontend[77726:10562189] [UIDebug]             SearchFocusContainer 0x0000000a96f89180  frame=10.0,10.0 539.0x36.0 tamic=true hidden=false
2026-01-05 11:11:23.122 swift-frontend[77726:10562189] [UIDebug]               [0]
2026-01-05 11:11:23.122 swift-frontend[77726:10562189] [UIDebug]               PassthroughGlassEffectView 0x0000000a96822100  frame=0.0,0.0 539.0x36.0 tamic=false hidden=false
2026-01-05 11:11:23.122 swift-frontend[77726:10562189] [UIDebug]                 [0]
2026-01-05 11:11:23.122 swift-frontend[77726:10562189] [UIDebug]                 ContentHolderView 0x0000000a96830780  frame=0.0,0.0 539.0x36.0 tamic=false hidden=false
2026-01-05 11:11:23.122 swift-frontend[77726:10562189] [UIDebug]                 [1]
2026-01-05 11:11:23.122 swift-frontend[77726:10562189] [UIDebug]                 _NSCoreHostingView<RootView> 0x0000000ad181d500  frame=0.0,0.0 539.0x36.0 tamic=false hidden=false
2026-01-05 11:11:23.122 swift-frontend[77726:10562189] [UIDebug]               [1]
2026-01-05 11:11:23.122 swift-frontend[77726:10562189] [UIDebug]               NSView 0x0000000a96f89400  frame=12.0,4.0 515.0x28.0 tamic=false hidden=false
2026-01-05 11:11:23.122 swift-frontend[77726:10562189] [UIDebug]                 [0]
2026-01-05 11:11:23.122 swift-frontend[77726:10562189] [UIDebug]                 NSSearchField 0x000000010c22fa80  frame=-2.0,0.0 493.0x28.0 tamic=false hidden=false
2026-01-05 11:11:23.122 swift-frontend[77726:10562189] [UIDebug]                   [0]
2026-01-05 11:11:23.122 swift-frontend[77726:10562189] [UIDebug]                   NSTextFieldSimpleLabel 0x0000000a968d4000  frame=0.0,6.5 493.0x15.0 tamic=true hidden=false
2026-01-05 11:11:23.122 swift-frontend[77726:10562189] [UIDebug]                 [1]
2026-01-05 11:11:23.122 swift-frontend[77726:10562189] [UIDebug]                 NSImageView 0x0000000a96f89900  frame=497.0,1.5 18.5x25.0 tamic=false hidden=false
2026-01-05 11:11:23.122 swift-frontend[77726:10562189] [UIDebug]                   [0]
2026-01-05 11:11:23.122 swift-frontend[77726:10562189] [UIDebug]                   _NSImageViewSimpleImageView 0x0000000a96832080  frame=0.0,4.0 18.0x17.0 tamic=true hidden=false
2026-01-05 11:11:23.122 swift-frontend[77726:10562189] [UIDebug]   [3]
2026-01-05 11:11:23.122 swift-frontend[77726:10562189] [UIDebug]   SearchFocusContainer 0x0000000a96f34a00 SearchContainer frame=42.0,726.0 320.0x36.0 tamic=true hidden=false
2026-01-05 11:11:23.122 swift-frontend[77726:10562189] [UIDebug]     [0]
2026-01-05 11:11:23.122 swift-frontend[77726:10562189] [UIDebug]     PassthroughGlassEffectView 0x0000000a96820000  frame=0.0,0.0 320.0x36.0 tamic=false hidden=false
2026-01-05 11:11:23.123 swift-frontend[77726:10562189] [UIDebug]       [0]
2026-01-05 11:11:23.123 swift-frontend[77726:10562189] [UIDebug]       ContentHolderView 0x0000000a96ff7700  frame=0.0,0.0 320.0x36.0 tamic=false hidden=false
2026-01-05 11:11:23.123 swift-frontend[77726:10562189] [UIDebug]       [1]
2026-01-05 11:11:23.123 swift-frontend[77726:10562189] [UIDebug]       _NSCoreHostingView<RootView> 0x0000000ad17d5c00  frame=0.0,0.0 320.0x36.0 tamic=false hidden=false
2026-01-05 11:11:23.123 swift-frontend[77726:10562189] [UIDebug]     [1]
2026-01-05 11:11:23.123 swift-frontend[77726:10562189] [UIDebug]     NSView 0x0000000a96f34c80  frame=12.0,4.0 296.0x28.0 tamic=false hidden=false
2026-01-05 11:11:23.123 swift-frontend[77726:10562189] [UIDebug]       [0]
2026-01-05 11:11:23.123 swift-frontend[77726:10562189] [UIDebug]       NSSearchField 0x000000010c22e080  frame=-2.0,0.0 300.0x28.0 tamic=false hidden=false
2026-01-05 11:11:23.123 swift-frontend[77726:10562189] [UIDebug]         [0]
2026-01-05 11:11:23.123 swift-frontend[77726:10562189] [UIDebug]         NSTextFieldSimpleLabel 0x0000000a968d4f00  frame=26.0,5.5 250.0x17.1 tamic=true hidden=false
2026-01-05 11:11:23.123 swift-frontend[77726:10562189] [UIDebug]         [1]
2026-01-05 11:11:23.123 swift-frontend[77726:10562189] [UIDebug]         NSButton 0x0000000a96832a80  frame=2.0,3.0 25.0x22.0 tamic=true hidden=false
2026-01-05 11:11:23.123 swift-frontend[77726:10562189] [UIDebug]           [0]
2026-01-05 11:11:23.123 swift-frontend[77726:10562189] [UIDebug]           NSButtonImageView 0x0000000a96832d00  frame=4.5,3.5 16.0x15.0 tamic=true hidden=false
2026-01-05 11:11:23.123 swift-frontend[77726:10562189] [UIDebug]   [4]
2026-01-05 11:11:23.123 swift-frontend[77726:10562189] [UIDebug]   HeaderHitTestContainer 0x0000000a96f34f00 HeaderControls frame=32.0,786.5 151.5x33.5 tamic=true hidden=false
2026-01-05 11:11:23.123 swift-frontend[77726:10562189] [UIDebug]     [0]
2026-01-05 11:11:23.123 swift-frontend[77726:10562189] [UIDebug]     NSStackView 0x0000000a96f36d00  frame=0.0,0.0 151.5x33.5 tamic=false hidden=false
2026-01-05 11:11:23.123 swift-frontend[77726:10562189] [UIDebug]       [0]
2026-01-05 11:11:23.123 swift-frontend[77726:10562189] [UIDebug]       NSView 0x0000000a96f36f80  frame=0.0,2.5 65.0x28.5 tamic=false hidden=false
2026-01-05 11:11:23.123 swift-frontend[77726:10562189] [UIDebug]         [0]
2026-01-05 11:11:23.123 swift-frontend[77726:10562189] [UIDebug]         PassthroughGlassEffectView 0x0000000a96820300  frame=0.0,0.0 65.0x28.5 tamic=false hidden=false
2026-01-05 11:11:23.123 swift-frontend[77726:10562189] [UIDebug]           [0]
2026-01-05 11:11:23.123 swift-frontend[77726:10562189] [UIDebug]           ContentHolderView 0x0000000a96ff7980  frame=0.0,0.0 65.0x28.5 tamic=false hidden=false
2026-01-05 11:11:23.123 swift-frontend[77726:10562189] [UIDebug]           [1]
2026-01-05 11:11:23.123 swift-frontend[77726:10562189] [UIDebug]           _NSCoreHostingView<RootView> 0x0000000ad17d5f80  frame=0.0,0.0 65.0x28.5 tamic=false hidden=false
2026-01-05 11:11:23.123 swift-frontend[77726:10562189] [UIDebug]         [1]
2026-01-05 11:11:23.123 swift-frontend[77726:10562189] [UIDebug]         GlassSeparatorView 0x0000000a96f88000  frame=33.0,5.5 1.0x18.0 tamic=false hidden=false
2026-01-05 11:11:23.123 swift-frontend[77726:10562189] [UIDebug]         [2]
2026-01-05 11:11:23.123 swift-frontend[77726:10562189] [UIDebug]         GlassToolbarButton 0x0000000a96f2d800  frame=5.0,-2.0 28.5x34.0 tamic=false hidden=false
2026-01-05 11:11:23.123 swift-frontend[77726:10562189] [UIDebug]           [0]
2026-01-05 11:11:23.123 swift-frontend[77726:10562189] [UIDebug]           NSButtonImageView 0x0000000a96832f80  frame=2.5,8.0 24.0x18.0 tamic=true hidden=false
2026-01-05 11:11:23.123 swift-frontend[77726:10562189] [UIDebug]         [3]
2026-01-05 11:11:23.124 swift-frontend[77726:10562189] [UIDebug]         GlassToolbarButton 0x0000000a96f2db00  frame=34.0,0.5 26.0x28.0 tamic=false hidden=false
2026-01-05 11:11:23.124 swift-frontend[77726:10562189] [UIDebug]           [0]
2026-01-05 11:11:23.124 swift-frontend[77726:10562189] [UIDebug]           NSButtonImageView 0x0000000a96833200  frame=6.5,10.0 13.0x8.0 tamic=true hidden=false
2026-01-05 11:11:23.124 swift-frontend[77726:10562189] [UIDebug]       [1]
2026-01-05 11:11:23.124 swift-frontend[77726:10562189] [UIDebug]       NSView 0x0000000a96f37200  frame=70.5,2.5 65.0x28.5 tamic=false hidden=false
2026-01-05 11:11:23.124 swift-frontend[77726:10562189] [UIDebug]         [0]
2026-01-05 11:11:23.124 swift-frontend[77726:10562189] [UIDebug]         PassthroughGlassEffectView 0x0000000a96820600  frame=0.0,0.0 65.0x28.5 tamic=false hidden=false
2026-01-05 11:11:23.124 swift-frontend[77726:10562189] [UIDebug]           [0]
2026-01-05 11:11:23.124 swift-frontend[77726:10562189] [UIDebug]           ContentHolderView 0x0000000a96ff7c00  frame=0.0,0.0 65.0x28.5 tamic=false hidden=false
2026-01-05 11:11:23.124 swift-frontend[77726:10562189] [UIDebug]           [1]
2026-01-05 11:11:23.124 swift-frontend[77726:10562189] [UIDebug]           _NSCoreHostingView<RootView> 0x0000000ad17d6300  frame=0.0,0.0 65.0x28.5 tamic=false hidden=false
2026-01-05 11:11:23.124 swift-frontend[77726:10562189] [UIDebug]         [1]
2026-01-05 11:11:23.124 swift-frontend[77726:10562189] [UIDebug]         GlassSeparatorView 0x0000000a96f88280  frame=33.0,5.5 1.0x18.0 tamic=false hidden=false
2026-01-05 11:11:23.124 swift-frontend[77726:10562189] [UIDebug]         [2]
2026-01-05 11:11:23.124 swift-frontend[77726:10562189] [UIDebug]         GlassToolbarButton 0x0000000a96f2de00  frame=5.0,-1.5 28.5x32.0 tamic=false hidden=false
2026-01-05 11:11:23.124 swift-frontend[77726:10562189] [UIDebug]           [0]
2026-01-05 11:11:23.124 swift-frontend[77726:10562189] [UIDebug]           NSButtonImageView 0x0000000a96833480  frame=10.0,10.0 9.0x12.0 tamic=true hidden=false
2026-01-05 11:11:23.124 swift-frontend[77726:10562189] [UIDebug]         [3]
2026-01-05 11:11:23.124 swift-frontend[77726:10562189] [UIDebug]         GlassToolbarButton 0x0000000a96f2e100  frame=34.0,-1.5 26.5x32.0 tamic=false hidden=false
2026-01-05 11:11:23.124 swift-frontend[77726:10562189] [UIDebug]           [0]
2026-01-05 11:11:23.124 swift-frontend[77726:10562189] [UIDebug]           NSButtonImageView 0x0000000a96833700  frame=9.0,10.0 9.0x12.0 tamic=true hidden=false
2026-01-05 11:11:23.124 swift-frontend[77726:10562189] [UIDebug]       [2]
2026-01-05 11:11:23.124 swift-frontend[77726:10562189] [UIDebug]       NSView 0x0000000a96f37480  frame=0.0,5.0 73.0x28.5 tamic=false hidden=true
2026-01-05 11:11:23.124 swift-frontend[77726:10562189] [UIDebug]         [0]
2026-01-05 11:11:23.124 swift-frontend[77726:10562189] [UIDebug]         PassthroughGlassEffectView 0x0000000a96820900  frame=0.0,0.0 73.0x28.5 tamic=false hidden=false
2026-01-05 11:11:23.124 swift-frontend[77726:10562189] [UIDebug]           [0]
2026-01-05 11:11:23.124 swift-frontend[77726:10562189] [UIDebug]           ContentHolderView 0x0000000a96f37980  frame=0.0,0.0 73.0x28.5 tamic=false hidden=false
2026-01-05 11:11:23.124 swift-frontend[77726:10562189] [UIDebug]           [1]
2026-01-05 11:11:23.124 swift-frontend[77726:10562189] [UIDebug]           _NSCoreHostingView<RootView> 0x0000000ad17d6680  frame=0.0,0.0 73.0x28.5 tamic=false hidden=false
2026-01-05 11:11:23.124 swift-frontend[77726:10562189] [UIDebug]         [1]
2026-01-05 11:11:23.124 swift-frontend[77726:10562189] [UIDebug]         GlassToolbarMenuButton 0x0000000a96f2e400  frame=7.0,0.0 59.0x28.0 tamic=false hidden=false
2026-01-05 11:11:23.125 swift-frontend[77726:10562189] [UIDebug]           [0]
2026-01-05 11:11:23.125 swift-frontend[77726:10562189] [UIDebug]           NSButtonImageView 0x0000000a96833980  frame=46.0,10.5 13.0x8.0 tamic=true hidden=false
2026-01-05 11:11:23.125 swift-frontend[77726:10562189] [UIDebug]           [1]
2026-01-05 11:11:23.125 swift-frontend[77726:10562189] [UIDebug]           NSButtonTextField 0x0000000ad181ed80  frame=-4.0,6.5 52.0x15.0 tamic=true hidden=false
2026-01-05 11:11:23.125 swift-frontend[77726:10562189] [UIDebug]             [0]
2026-01-05 11:11:23.125 swift-frontend[77726:10562189] [UIDebug]             NSTextFieldSimpleLabel 0x0000000a968d5200  frame=0.0,0.0 52.0x15.0 tamic=true hidden=false
2026-01-05 11:11:23.125 swift-frontend[77726:10562189] [UIDebug]   [5]
2026-01-05 11:11:23.125 swift-frontend[77726:10562189] [UIDebug]   MenuDismissView 0x0000000a96f35b80  frame=0.0,0.0 0.0x0.0 tamic=true hidden=true
2026-01-05 11:11:23.125 swift-frontend[77726:10562189] [UIDebug]   [6]
2026-01-05 11:11:23.125 swift-frontend[77726:10562189] [UIDebug]   NSView 0x0000000a96f35e00 MenuContainer frame=0.0,0.0 0.0x0.0 tamic=true hidden=true
2026-01-05 11:11:23.125 swift-frontend[77726:10562189] [UIDebug]     [0]
2026-01-05 11:11:23.125 swift-frontend[77726:10562189] [UIDebug]     GlassCardView 0x0000000ad17d7b80  frame=0.0,0.0 0.0x0.0 tamic=true hidden=false
2026-01-05 11:11:23.125 swift-frontend[77726:10562189] [UIDebug]     [1]
2026-01-05 11:11:23.125 swift-frontend[77726:10562189] [UIDebug]     NoScrollScrollView 0x000000010c22d680  frame=0.0,0.0 0.0x0.0 tamic=true hidden=false
2026-01-05 11:11:23.125 swift-frontend[77726:10562189] [UIDebug]       [0]
2026-01-05 11:11:23.125 swift-frontend[77726:10562189] [UIDebug]       NSClipView 0x0000000a96f2d200  frame=0.0,0.0 0.0x0.0 tamic=true hidden=false
2026-01-05 11:11:23.125 swift-frontend[77726:10562189] [UIDebug]         [0]
2026-01-05 11:11:23.125 swift-frontend[77726:10562189] [UIDebug]         MenuTableView 0x000000010c22db80  frame=0.0,0.0 132.0x20.0 tamic=true hidden=false
2026-01-05 11:11:23.125 swift-frontend[77726:10562189] [UIDebug]   [7]
2026-01-05 11:11:23.125 swift-frontend[77726:10562189] [UIDebug]   DebugHitTestOverlayView 0x0000000a96830f00  frame=0.0,0.0 1512.0x832.0 tamic=true hidden=false
2026-01-05 11:11:23.125 swift-frontend[77726:10562189] [UIDebug]   [8]
2026-01-05 11:11:23.125 swift-frontend[77726:10562189] [UIDebug]   MorphingGlassPillControl 0x0000000ad1784500  frame=794.5,385.5 263.0x33.0 tamic=true hidden=false
2026-01-05 11:11:23.125 swift-frontend[77726:10562189] [UIDebug]     [0]
2026-01-05 11:11:23.125 swift-frontend[77726:10562189] [UIDebug]     PassthroughGlassEffectView 0x0000000a96f2f300  frame=0.0,0.0 310.0x39.0 tamic=true hidden=false
2026-01-05 11:11:23.125 swift-frontend[77726:10562189] [UIDebug]       [0]
2026-01-05 11:11:23.125 swift-frontend[77726:10562189] [UIDebug]       ContentHolderView 0x0000000a96f88500  frame=0.0,0.0 310.0x39.0 tamic=false hidden=false
2026-01-05 11:11:23.125 swift-frontend[77726:10562189] [UIDebug]       [1]
2026-01-05 11:11:23.125 swift-frontend[77726:10562189] [UIDebug]       _NSCoreHostingView<RootView> 0x000000010c22e780  frame=0.0,0.0 310.0x39.0 tamic=false hidden=false
2026-01-05 11:11:23.125 swift-frontend[77726:10562189] [UIDebug]     [1]
2026-01-05 11:11:23.125 swift-frontend[77726:10562189] [UIDebug]     NSTextField 0x000000010c22e400  frame=65.5,11.5 179.5x16.0 tamic=true hidden=false
2026-01-05 11:11:23.125 swift-frontend[77726:10562189] [UIDebug]       [0]
2026-01-05 11:11:23.125 swift-frontend[77726:10562189] [UIDebug]       NSTextFieldSimpleLabel 0x0000000a968d7000  frame=0.0,0.0 179.5x16.0 tamic=true hidden=false
2026-01-05 11:11:23.126 swift-frontend[77726:10562189] [UIDebug]     [2]
2026-01-05 11:11:23.126 swift-frontend[77726:10562189] [UIDebug]     NSButton 0x0000000a96f88a00  frame=1.0,1.0 37.0x37.0 tamic=true hidden=false
2026-01-05 11:11:23.126 swift-frontend[77726:10562189] [UIDebug]       [0]
2026-01-05 11:11:23.126 swift-frontend[77726:10562189] [UIDebug]       NSImageView 0x0000000a96f8ad00  frame=8.1,8.1 20.7x20.7 tamic=true hidden=false
2026-01-05 11:11:23.126 swift-frontend[77726:10562189] [UIDebug]         [0]
2026-01-05 11:11:23.126 swift-frontend[77726:10562189] [UIDebug]         _NSImageViewSimpleImageView 0x0000000a9691c000  frame=0.0,3.0 20.7x13.8 tamic=true hidden=false
2026-01-05 11:11:23.126 swift-frontend[77726:10562189] [UIDebug]     [3]
2026-01-05 11:11:23.126 swift-frontend[77726:10562189] [UIDebug]     NSButton 0x0000000a96f8a800  frame=91.5,1.0 37.0x37.0 tamic=true hidden=false
2026-01-05 11:11:23.126 swift-frontend[77726:10562189] [UIDebug]       [0]
2026-01-05 11:11:23.126 swift-frontend[77726:10562189] [UIDebug]       NSImageView 0x0000000a96f89e00  frame=8.1,8.1 20.7x20.7 tamic=true hidden=false
2026-01-05 11:11:23.126 swift-frontend[77726:10562189] [UIDebug]         [0]
2026-01-05 11:11:23.126 swift-frontend[77726:10562189] [UIDebug]         _NSImageViewSimpleImageView 0x0000000a9691c280  frame=0.0,3.0 20.7x13.8 tamic=true hidden=false
2026-01-05 11:11:23.126 swift-frontend[77726:10562189] [UIDebug]     [4]
2026-01-05 11:11:23.126 swift-frontend[77726:10562189] [UIDebug]     NSButton 0x0000000a96f36300  frame=181.5,1.0 37.0x37.0 tamic=true hidden=false
2026-01-05 11:11:23.126 swift-frontend[77726:10562189] [UIDebug]       [0]
2026-01-05 11:11:23.126 swift-frontend[77726:10562189] [UIDebug]       NSImageView 0x0000000a96f36080  frame=8.1,8.1 20.7x20.7 tamic=true hidden=false
2026-01-05 11:11:23.126 swift-frontend[77726:10562189] [UIDebug]         [0]
2026-01-05 11:11:23.126 swift-frontend[77726:10562189] [UIDebug]         _NSImageViewSimpleImageView 0x0000000a9691c500  frame=0.0,3.0 20.7x13.8 tamic=true hidden=false
2026-01-05 11:11:23.126 swift-frontend[77726:10562189] [UIDebug]     [5]
2026-01-05 11:11:23.126 swift-frontend[77726:10562189] [UIDebug]     NSButton 0x0000000a96f35680  frame=272.0,1.0 37.0x37.0 tamic=true hidden=false
2026-01-05 11:11:23.126 swift-frontend[77726:10562189] [UIDebug]       [0]
2026-01-05 11:11:23.126 swift-frontend[77726:10562189] [UIDebug]       NSImageView 0x0000000a96f35400  frame=8.1,8.1 20.7x20.7 tamic=true hidden=false
2026-01-05 11:11:23.126 swift-frontend[77726:10562189] [UIDebug]         [0]
2026-01-05 11:11:23.126 swift-frontend[77726:10562189] [UIDebug]         _NSImageViewSimpleImageView 0x0000000a9691c780  frame=0.0,3.0 20.7x13.8 tamic=true hidden=false
2026-01-05 11:11:23.126 swift-frontend[77726:10562189] [UIDebug]   [9]
2026-01-05 11:11:23.126 swift-frontend[77726:10562189] [UIDebug]   SplitDividerHandleView 0x0000000a96822a00  frame=0.0,0.0 0.0x0.0 tamic=true hidden=true
2026-01-05 11:11:23.126 swift-frontend[77726:10562189] [UIDebug]   [10]
2026-01-05 11:11:23.126 swift-frontend[77726:10562189] [UIDebug]   SplitDividerHandleView 0x0000000a96822700  frame=372.0,32.0 14.0x740.0 tamic=true hidden=false
2026-01-05 11:11:23.126 swift-frontend[77726:10562189] [UIDebug]   [11]
2026-01-05 11:11:23.126 swift-frontend[77726:10562189] [UIDebug]   PassthroughGlassEffectView 0x0000000a96820c00  frame=1432.0,789.0 28.0x28.5 tamic=false hidden=false
2026-01-05 11:11:23.126 swift-frontend[77726:10562189] [UIDebug]     [0]
2026-01-05 11:11:23.126 swift-frontend[77726:10562189] [UIDebug]     ContentHolderView 0x0000000a96f37c00  frame=0.0,0.0 10.0x10.0 tamic=false hidden=false
2026-01-05 11:11:23.126 swift-frontend[77726:10562189] [UIDebug]     [1]
2026-01-05 11:11:23.126 swift-frontend[77726:10562189] [UIDebug]     _NSCoreHostingView<RootView> 0x0000000ad17d6a00  frame=0.0,0.0 10.0x10.0 tamic=false hidden=false
2026-01-05 11:11:23.126 swift-frontend[77726:10562189] [UIDebug]   [12]
2026-01-05 11:11:23.126 swift-frontend[77726:10562189] [UIDebug]   PassthroughGlassEffectView 0x0000000a96820f00  frame=1398.0,789.0 28.0x28.5 tamic=false hidden=false
2026-01-05 11:11:23.127 swift-frontend[77726:10562189] [UIDebug]     [0]
2026-01-05 11:11:23.127 swift-frontend[77726:10562189] [UIDebug]     ContentHolderView 0x0000000a96f37700  frame=0.0,0.0 10.0x10.0 tamic=false hidden=false
2026-01-05 11:11:23.127 swift-frontend[77726:10562189] [UIDebug]     [1]
2026-01-05 11:11:23.127 swift-frontend[77726:10562189] [UIDebug]     _NSCoreHostingView<RootView> 0x0000000ad17d6d80  frame=0.0,0.0 10.0x10.0 tamic=false hidden=false
2026-01-05 11:11:23.127 swift-frontend[77726:10562189] [UIDebug]   [13]
2026-01-05 11:11:23.127 swift-frontend[77726:10562189] [UIDebug]   PassthroughGlassEffectView 0x0000000a96821200  frame=392.0,789.0 28.0x28.5 tamic=false hidden=false
2026-01-05 11:11:23.127 swift-frontend[77726:10562189] [UIDebug]     [0]
2026-01-05 11:11:23.127 swift-frontend[77726:10562189] [UIDebug]     ContentHolderView 0x0000000a96f36800  frame=0.0,0.0 10.0x10.0 tamic=false hidden=false
2026-01-05 11:11:23.127 swift-frontend[77726:10562189] [UIDebug]     [1]
2026-01-05 11:11:23.127 swift-frontend[77726:10562189] [UIDebug]     _NSCoreHostingView<RootView> 0x0000000ad17d7100  frame=0.0,0.0 10.0x10.0 tamic=false hidden=false
2026-01-05 11:11:23.127 swift-frontend[77726:10562189] [UIDebug]   [14]
2026-01-05 11:11:23.127 swift-frontend[77726:10562189] [UIDebug]   PassthroughGlassEffectView 0x0000000a96821500  frame=426.0,789.0 28.0x28.5 tamic=false hidden=false
2026-01-05 11:11:23.127 swift-frontend[77726:10562189] [UIDebug]     [0]
2026-01-05 11:11:23.127 swift-frontend[77726:10562189] [UIDebug]     ContentHolderView 0x0000000a96f34500  frame=0.0,0.0 10.0x10.0 tamic=false hidden=false
2026-01-05 11:11:23.127 swift-frontend[77726:10562189] [UIDebug]     [1]
2026-01-05 11:11:23.127 swift-frontend[77726:10562189] [UIDebug]     _NSCoreHostingView<RootView> 0x0000000ad17d7480  frame=0.0,0.0 10.0x10.0 tamic=false hidden=false
2026-01-05 11:11:23.127 swift-frontend[77726:10562189] [UIDebug]   [15]
2026-01-05 11:11:23.127 swift-frontend[77726:10562189] [UIDebug]   GlassToolbarButton 0x0000000a96f2e700  frame=1432.0,789.0 28.0x28.5 tamic=true hidden=false
2026-01-05 11:11:23.127 swift-frontend[77726:10562189] [UIDebug]     [0]
2026-01-05 11:11:23.127 swift-frontend[77726:10562189] [UIDebug]     NSButtonImageView 0x0000000a9691ca00  frame=6.0,9.5 20.0x15.0 tamic=true hidden=false
2026-01-05 11:11:23.127 swift-frontend[77726:10562189] [UIDebug]   [16]
2026-01-05 11:11:23.127 swift-frontend[77726:10562189] [UIDebug]   GlassToolbarButton 0x0000000a96f2ea00  frame=1398.0,789.0 28.0x28.5 tamic=true hidden=false
2026-01-05 11:11:23.127 swift-frontend[77726:10562189] [UIDebug]     [0]
2026-01-05 11:11:23.127 swift-frontend[77726:10562189] [UIDebug]     NSButtonImageView 0x0000000a9691cc80  frame=9.0,9.0 14.0x16.0 tamic=true hidden=false
2026-01-05 11:11:23.127 swift-frontend[77726:10562189] [UIDebug]   [17]
2026-01-05 11:11:23.127 swift-frontend[77726:10562189] [UIDebug]   ShareToolbarButton 0x0000000a96f2ed00  frame=392.0,789.0 28.0x28.5 tamic=true hidden=false
2026-01-05 11:11:23.127 swift-frontend[77726:10562189] [UIDebug]     [0]
2026-01-05 11:11:23.127 swift-frontend[77726:10562189] [UIDebug]     NSButtonImageView 0x0000000a9691cf00  frame=9.0,9.0 14.0x16.0 tamic=true hidden=false
2026-01-05 11:11:23.127 swift-frontend[77726:10562189] [UIDebug]   [18]
2026-01-05 11:11:23.127 swift-frontend[77726:10562189] [UIDebug]   GlassToolbarButton 0x0000000a96f2f000  frame=426.0,789.0 28.0x28.5 tamic=true hidden=false
2026-01-05 11:11:23.127 swift-frontend[77726:10562189] [UIDebug]     [0]
2026-01-05 11:11:23.127 swift-frontend[77726:10562189] [UIDebug]     NSButtonImageView 0x0000000a9691d180  frame=8.5,9.5 15.0x15.0 tamic=true hidden=false
2026-01-05 11:11:23.127 swift-frontend[77726:10562189] [UIDebug]   [19]
2026-01-05 11:11:23.127 swift-frontend[77726:10562189] [UIDebug]   NSView 0x0000000a96f35180 SuggestionsContainer frame=42.0,700.0 320.0x20.0 tamic=true hidden=true
2026-01-05 11:11:23.127 swift-frontend[77726:10562189] [UIDebug]     [0]
2026-01-05 11:11:23.127 swift-frontend[77726:10562189] [UIDebug]     GlassCardView 0x0000000ad17d7800  frame=0.0,0.0 320.0x20.0 tamic=true hidden=false
2026-01-05 11:11:23.127 swift-frontend[77726:10562189] [UIDebug]     [1]
2026-01-05 11:11:23.127 swift-frontend[77726:10562189] [UIDebug]     NoScrollScrollView 0x000000010c22cc80  frame=0.0,0.0 320.0x20.0 tamic=true hidden=false
2026-01-05 11:11:23.128 swift-frontend[77726:10562189] [UIDebug]       [0]
2026-01-05 11:11:23.128 swift-frontend[77726:10562189] [UIDebug]       NSClipView 0x0000000a96f2cf00  frame=0.0,0.0 320.0x20.0 tamic=true hidden=false
2026-01-05 11:11:23.128 swift-frontend[77726:10562189] [UIDebug]         [0]
2026-01-05 11:11:23.128 swift-frontend[77726:10562189] [UIDebug]         NoScrollTableView 0x000000010c22d180  frame=0.0,0.0 320.0x20.0 tamic=true hidden=false
2026-01-05 11:11:23.128 swift-frontend[77726:10562189] [UIDebug] constraints splitView h=5 v=5
2026-01-05 11:11:23.128 swift-frontend[77726:10562189] [UIDebug]   H [] GapSplitView:0x000000010c22f000 label=SplitView.NSLayoutAttribute(rawValue: 6) == NSView:0x0000000a96ff5b80.NSLayoutAttribute(rawValue: 6) + -32.00 pri=1000 active=true
2026-01-05 11:11:23.128 swift-frontend[77726:10562189] [UIDebug]   H [] GapSplitView:0x000000010c22f000 label=SplitView.NSLayoutAttribute(rawValue: 5) == NSView:0x0000000a96ff5b80.NSLayoutAttribute(rawValue: 5) + 32.00 pri=1000 active=true
2026-01-05 11:11:23.128 swift-frontend[77726:10562189] [UIDebug]   H [] NSView:0x0000000a96ff5b80.NSLayoutAttribute(rawValue: 32) == nil.NSLayoutAttribute(rawValue: 0) + 0.00 pri=1000 active=true
2026-01-05 11:11:23.128 swift-frontend[77726:10562189] [UIDebug]   H [] NSThemeFrame:0x0000000a96f3b400.NSLayoutAttribute(rawValue: 7) == NSView:0x0000000a96ff5b80.NSLayoutAttribute(rawValue: 36) + 0.00 pri=1000 active=true
2026-01-05 11:11:23.128 swift-frontend[77726:10562189] [UIDebug]   H [NSWindow-current-width] NSThemeFrame:0x0000000a96f3b400.NSLayoutAttribute(rawValue: 7) == nil.NSLayoutAttribute(rawValue: 0) + 1512.00 pri=500 active=true
2026-01-05 11:11:23.128 swift-frontend[77726:10562189] [UIDebug]   V [] GapSplitView:0x000000010c22f000 label=SplitView.NSLayoutAttribute(rawValue: 3) == NSView:0x0000000a96ff5b80.NSLayoutAttribute(rawValue: 3) + 60.00 pri=1000 active=true
2026-01-05 11:11:23.128 swift-frontend[77726:10562189] [UIDebug]   V [] GapSplitView:0x000000010c22f000 label=SplitView.NSLayoutAttribute(rawValue: 4) == NSView:0x0000000a96ff5b80.NSLayoutAttribute(rawValue: 4) + -32.00 pri=1000 active=true
2026-01-05 11:11:23.128 swift-frontend[77726:10562189] [UIDebug]   V [] NSView:0x0000000a96ff5b80.NSLayoutAttribute(rawValue: 33) == nil.NSLayoutAttribute(rawValue: 0) + 0.00 pri=1000 active=true
2026-01-05 11:11:23.128 swift-frontend[77726:10562189] [UIDebug]   V [] NSThemeFrame:0x0000000a96f3b400.NSLayoutAttribute(rawValue: 8) == NSView:0x0000000a96ff5b80.NSLayoutAttribute(rawValue: 37) + 32.00 pri=1000 active=true
2026-01-05 11:11:23.128 swift-frontend[77726:10562189] [UIDebug]   V [NSWindow-current-height] NSThemeFrame:0x0000000a96f3b400.NSLayoutAttribute(rawValue: 8) == nil.NSLayoutAttribute(rawValue: 0) + 864.00 pri=500 active=true
2026-01-05 11:11:23.128 swift-frontend[77726:10562189] [UIDebug]   superview constraints splitView count=4
2026-01-05 11:11:23.128 swift-frontend[77726:10562189] [UIDebug]     S [] GapSplitView:0x000000010c22f000 label=SplitView.NSLayoutAttribute(rawValue: 3) == NSView:0x0000000a96ff5b80.NSLayoutAttribute(rawValue: 3) + 60.00 pri=1000 active=true
2026-01-05 11:11:23.128 swift-frontend[77726:10562189] [UIDebug]     S [] GapSplitView:0x000000010c22f000 label=SplitView.NSLayoutAttribute(rawValue: 5) == NSView:0x0000000a96ff5b80.NSLayoutAttribute(rawValue: 5) + 32.00 pri=1000 active=true
2026-01-05 11:11:23.128 swift-frontend[77726:10562189] [UIDebug]     S [] GapSplitView:0x000000010c22f000 label=SplitView.NSLayoutAttribute(rawValue: 6) == NSView:0x0000000a96ff5b80.NSLayoutAttribute(rawValue: 6) + -32.00 pri=1000 active=true
2026-01-05 11:11:23.128 swift-frontend[77726:10562189] [UIDebug]     S [] GapSplitView:0x000000010c22f000 label=SplitView.NSLayoutAttribute(rawValue: 4) == NSView:0x0000000a96ff5b80.NSLayoutAttribute(rawValue: 4) + -32.00 pri=1000 active=true
2026-01-05 11:11:23.128 swift-frontend[77726:10562189] [UIDebug] constraints leftContainer h=2 v=2
2026-01-05 11:11:23.128 swift-frontend[77726:10562189] [UIDebug]   H [] GlassCardView:0x0000000ad181c000 label=LeftPanel.NSLayoutAttribute(rawValue: 32) == nil.NSLayoutAttribute(rawValue: 0) + 0.00 pri=1000 active=true
2026-01-05 11:11:23.128 swift-frontend[77726:10562189] [UIDebug]   H [] GlassCardView:0x0000000ad181c000 label=LeftPanel.NSLayoutAttribute(rawValue: 7) == nil.NSLayoutAttribute(rawValue: 0) + 340.00 pri=1000 active=true
2026-01-05 11:11:23.129 swift-frontend[77726:10562189] [UIDebug]   V [] GlassCardView:0x0000000ad181c000 label=LeftPanel.NSLayoutAttribute(rawValue: 8) == nil.NSLayoutAttribute(rawValue: 0) + 740.00 pri=1000 active=true
2026-01-05 11:11:23.129 swift-frontend[77726:10562189] [UIDebug]   V [] GlassCardView:0x0000000ad181c000 label=LeftPanel.NSLayoutAttribute(rawValue: 33) == nil.NSLayoutAttribute(rawValue: 0) + 0.00 pri=1000 active=true
2026-01-05 11:11:23.129 swift-frontend[77726:10562189] [UIDebug]   superview constraints leftContainer count=4
2026-01-05 11:11:23.129 swift-frontend[77726:10562189] [UIDebug]     S [] GlassCardView:0x0000000ad181c000 label=LeftPanel.NSLayoutAttribute(rawValue: 32) == nil.NSLayoutAttribute(rawValue: 0) + 0.00 pri=1000 active=true
2026-01-05 11:11:23.129 swift-frontend[77726:10562189] [UIDebug]     S [] GlassCardView:0x0000000ad181c000 label=LeftPanel.NSLayoutAttribute(rawValue: 7) == nil.NSLayoutAttribute(rawValue: 0) + 340.00 pri=1000 active=true
2026-01-05 11:11:23.129 swift-frontend[77726:10562189] [UIDebug]     S [] GlassCardView:0x0000000ad181c000 label=LeftPanel.NSLayoutAttribute(rawValue: 33) == nil.NSLayoutAttribute(rawValue: 0) + 0.00 pri=1000 active=true
2026-01-05 11:11:23.129 swift-frontend[77726:10562189] [UIDebug]     S [] GlassCardView:0x0000000ad181c000 label=LeftPanel.NSLayoutAttribute(rawValue: 8) == nil.NSLayoutAttribute(rawValue: 0) + 740.00 pri=1000 active=true
2026-01-05 11:11:23.129 swift-frontend[77726:10562189] [UIDebug] constraints rightContainer h=3 v=3
2026-01-05 11:11:23.129 swift-frontend[77726:10562189] [UIDebug]   H [] NSView:0x0000000a96f8af80.NSLayoutAttribute(rawValue: 7) == nil.NSLayoutAttribute(rawValue: 0) + 1080.00 pri=1000 active=true
2026-01-05 11:11:23.129 swift-frontend[77726:10562189] [UIDebug]   H [] PassthroughView:0x0000000a96830500 label=RightPanel.NSLayoutAttribute(rawValue: 5) == NSView:0x0000000a96f8af80.NSLayoutAttribute(rawValue: 5) + 0.00 pri=1000 active=true
2026-01-05 11:11:23.129 swift-frontend[77726:10562189] [UIDebug]   H [] PassthroughView:0x0000000a96830500 label=RightPanel.NSLayoutAttribute(rawValue: 6) == NSView:0x0000000a96f8af80.NSLayoutAttribute(rawValue: 6) + 0.00 pri=1000 active=true
2026-01-05 11:11:23.129 swift-frontend[77726:10562189] [UIDebug]   V [] PassthroughView:0x0000000a96830500 label=RightPanel.NSLayoutAttribute(rawValue: 3) == NSView:0x0000000a96f8af80.NSLayoutAttribute(rawValue: 3) + 0.00 pri=1000 active=true
2026-01-05 11:11:23.129 swift-frontend[77726:10562189] [UIDebug]   V [] NSView:0x0000000a96f8af80.NSLayoutAttribute(rawValue: 8) == nil.NSLayoutAttribute(rawValue: 0) + 740.00 pri=1000 active=true
2026-01-05 11:11:23.129 swift-frontend[77726:10562189] [UIDebug]   V [] PassthroughView:0x0000000a96830500 label=RightPanel.NSLayoutAttribute(rawValue: 4) == NSView:0x0000000a96f8af80.NSLayoutAttribute(rawValue: 4) + 0.00 pri=1000 active=true
2026-01-05 11:11:23.129 swift-frontend[77726:10562189] [UIDebug]   superview constraints rightContainer count=4
2026-01-05 11:11:23.129 swift-frontend[77726:10562189] [UIDebug]     S [] PassthroughView:0x0000000a96830500 label=RightPanel.NSLayoutAttribute(rawValue: 5) == NSView:0x0000000a96f8af80.NSLayoutAttribute(rawValue: 5) + 0.00 pri=1000 active=true
2026-01-05 11:11:23.129 swift-frontend[77726:10562189] [UIDebug]     S [] PassthroughView:0x0000000a96830500 label=RightPanel.NSLayoutAttribute(rawValue: 3) == NSView:0x0000000a96f8af80.NSLayoutAttribute(rawValue: 3) + 0.00 pri=1000 active=true
2026-01-05 11:11:23.129 swift-frontend[77726:10562189] [UIDebug]     S [] PassthroughView:0x0000000a96830500 label=RightPanel.NSLayoutAttribute(rawValue: 4) == NSView:0x0000000a96f8af80.NSLayoutAttribute(rawValue: 4) + 0.00 pri=1000 active=true
2026-01-05 11:11:23.129 swift-frontend[77726:10562189] [UIDebug]     S [] PassthroughView:0x0000000a96830500 label=RightPanel.NSLayoutAttribute(rawValue: 6) == NSView:0x0000000a96f8af80.NSLayoutAttribute(rawValue: 6) + 0.00 pri=1000 active=true
2026-01-05 11:11:23.129 swift-frontend[77726:10562189] [UIDebug] divider_rect window=372.0,32.0 14.0x740.0
2026-01-05 11:11:23.129 swift-frontend[77726:10562189] [UIDebug] view_tree_end reason=initial
2026-01-05 11:11:23.129 swift-frontend[77726:10562189] [UIDebug] divider_probe reason=initial point=379.0,402.0 hit=SplitDividerHandleView frame=372,32 14x740 hidden=false chain=SplitDividerHandleView -> NSView -> NSThemeFrame
2026-01-05 11:11:23.129 swift-frontend[77726:10562189] [UIDebug] hit_probe name=sidebar_toggle reason=initial point=51.2,804.0 hit=GlassToolbarButton frame=5,-2 28x34 hidden=false chain=GlassToolbarButton -> NSView -> NSStackView -> HeaderHitTestContainer -> NSView -> NSThemeFrame
2026-01-05 11:11:23.129 swift-frontend[77726:10562189] [UIDebug] hit_probe name=sidebar_menu reason=initial point=79.0,803.5 hit=GlassToolbarButton frame=34,0 26x28 hidden=false chain=GlassToolbarButton -> NSView -> NSStackView -> HeaderHitTestContainer -> NSView -> NSThemeFrame
2026-01-05 11:11:23.129 swift-frontend[77726:10562189] [UIDebug] hit_probe name=nav_back reason=initial point=121.8,803.5 hit=GlassToolbarButton frame=5,-1 28x32 hidden=false chain=GlassToolbarButton -> NSView -> NSStackView -> HeaderHitTestContainer -> NSView -> NSThemeFrame
2026-01-05 11:11:23.130 swift-frontend[77726:10562189] [UIDebug] hit_probe name=nav_forward reason=initial point=149.8,803.5 hit=GlassToolbarButton frame=34,-1 26x32 hidden=false chain=GlassToolbarButton -> NSView -> NSStackView -> HeaderHitTestContainer -> NSView -> NSThemeFrame
2026-01-05 11:11:23.130 swift-frontend[77726:10562189] [UIDebug] hit_probe name=pill reason=initial point=926.0,402.0 hit=NSView frame=0,0 1080x740 hidden=false chain=NSView -> GapSplitView -> NSView -> GapSplitView -> NSView -> NSThemeFrame
2026-01-05 11:11:23.130 swift-frontend[77726:10562189] [UIDebug] viewer_probe reason=initial host=1060x720 isShowingPDF=false pdfHidden=true detailsHidden=false hit=NSView frame=0,0 1080x740 hidden=false
2026-01-05 11:11:23.141 swift-frontend[77726:10562189] [UIDebug] right_divider_will_resize
2026-01-05 11:11:24.000 swift-frontend[77726:10562189] [UIDebug] windows=2 visible=true key=true occluded=8194 frame={{0, 85}, {1512, 864}} screen={{0, 0}, {1512, 982}}
2026-01-05 11:11:26.117 swift-frontend[77726:10562189] [UIDebug] divider_hover begin location=382.1,285.5
2026-01-05 11:11:26.124 swift-frontend[77726:10562189] [UIDebug] divider_hover end
2026-01-05 11:11:26.466 swift-frontend[77726:10562189] [UIDebug] divider_hover begin location=372.7,299.2
2026-01-05 11:11:26.474 swift-frontend[77726:10562189] [UIDebug] divider_hover end
2026-01-05 11:11:27.716 swift-frontend[77726:10562189] [UIDebug] mouse_down location=649.1,850.9 hit=nil chain=
2026-01-05 11:11:28.076 swift-frontend[77726:10562189] [UIDebug] right_divider_will_resize
2026-01-05 11:11:28.076 swift-frontend[77726:10562189] [UIDebug] right_divider_will_resize
2026-01-05 11:11:28.084 swift-frontend[77726:10562189] [UIDebug] sidebar_split_state width=338 visible=true
2026-01-05 11:11:28.089 swift-frontend[77726:10562189] [UIDebug] sidebar_split_state width=338 visible=true
2026-01-05 11:11:28.102 swift-frontend[77726:10562189] [UIDebug] right_divider_will_resize
2026-01-05 11:11:28.102 swift-frontend[77726:10562189] [UIDebug] right_divider_will_resize
2026-01-05 11:11:28.109 swift-frontend[77726:10562189] [UIDebug] sidebar_split_state width=286 visible=true
2026-01-05 11:11:28.113 swift-frontend[77726:10562189] [UIDebug] sidebar_split_state width=286 visible=true
2026-01-05 11:11:28.127 swift-frontend[77726:10562189] [UIDebug] right_divider_will_resize
2026-01-05 11:11:28.127 swift-frontend[77726:10562189] [UIDebug] right_divider_will_resize
2026-01-05 11:11:28.134 swift-frontend[77726:10562189] [UIDebug] sidebar_split_state width=244 visible=true
2026-01-05 11:11:28.138 swift-frontend[77726:10562189] [UIDebug] sidebar_split_state width=244 visible=true
2026-01-05 11:11:28.158 swift-frontend[77726:10562189] [UIDebug] right_divider_will_resize
2026-01-05 11:11:28.159 swift-frontend[77726:10562189] [UIDebug] right_divider_will_resize
2026-01-05 11:11:28.165 swift-frontend[77726:10562189] [UIDebug] right_divider_will_resize
2026-01-05 11:11:28.166 swift-frontend[77726:10562189] [UIDebug] right_divider_will_resize
2026-01-05 11:11:28.172 swift-frontend[77726:10562189] [UIDebug] sidebar_split_state width=220 visible=true
2026-01-05 11:11:28.172 swift-frontend[77726:10562189] [UIDebug] right_divider_will_resize
2026-01-05 11:11:28.173 swift-frontend[77726:10562189] [UIDebug] right_divider_will_resize
2026-01-05 11:11:28.175 swift-frontend[77726:10562189] [UIDebug] sidebar_clamp reason=reflow current=211 desired=220 maxLeft=630 total=904
2026-01-05 11:11:28.176 swift-frontend[77726:10562189] [UIDebug] right_divider_will_resize
2026-01-05 11:11:28.176 swift-frontend[77726:10562189] [UIDebug] right_divider_will_resize
2026-01-05 11:11:28.181 swift-frontend[77726:10562189] [UIDebug] sidebar_split_state width=220 visible=true
2026-01-05 11:11:28.182 swift-frontend[77726:10562189] [UIDebug] right_divider_will_resize
2026-01-05 11:11:28.182 swift-frontend[77726:10562189] [UIDebug] right_divider_will_resize
2026-01-05 11:11:28.184 swift-frontend[77726:10562189] [UIDebug] sidebar_clamp reason=split_resize current=211 desired=220 maxLeft=630 total=904
2026-01-05 11:11:28.184 swift-frontend[77726:10562189] [UIDebug] sidebar_split_state width=211 visible=true
2026-01-05 11:11:28.189 swift-frontend[77726:10562189] [UIDebug] right_divider_will_resize
2026-01-05 11:11:28.190 swift-frontend[77726:10562189] [UIDebug] right_divider_will_resize
2026-01-05 11:11:28.196 swift-frontend[77726:10562189] [UIDebug] sidebar_split_state width=220 visible=true
2026-01-05 11:11:28.196 swift-frontend[77726:10562189] [UIDebug] right_divider_will_resize
2026-01-05 11:11:28.196 swift-frontend[77726:10562189] [UIDebug] right_divider_will_resize
2026-01-05 11:11:28.198 swift-frontend[77726:10562189] [UIDebug] sidebar_clamp reason=reflow current=211 desired=220 maxLeft=630 total=904
2026-01-05 11:11:28.199 swift-frontend[77726:10562189] [UIDebug] right_divider_will_resize
2026-01-05 11:11:28.199 swift-frontend[77726:10562189] [UIDebug] right_divider_will_resize
2026-01-05 11:11:28.204 swift-frontend[77726:10562189] [UIDebug] sidebar_split_state width=220 visible=true
2026-01-05 11:11:28.204 swift-frontend[77726:10562189] [UIDebug] right_divider_will_resize
2026-01-05 11:11:28.204 swift-frontend[77726:10562189] [UIDebug] right_divider_will_resize
2026-01-05 11:11:28.206 swift-frontend[77726:10562189] [UIDebug] sidebar_clamp reason=split_resize current=211 desired=220 maxLeft=630 total=904
2026-01-05 11:11:28.207 swift-frontend[77726:10562189] [UIDebug] sidebar_split_state width=211 visible=true
2026-01-05 11:11:28.214 swift-frontend[77726:10562189] [UIDebug] right_divider_will_resize
2026-01-05 11:11:28.215 swift-frontend[77726:10562189] [UIDebug] right_divider_will_resize
2026-01-05 11:11:28.226 swift-frontend[77726:10562189] [UIDebug] sidebar_split_state width=220 visible=true
2026-01-05 11:11:28.226 swift-frontend[77726:10562189] [UIDebug] right_divider_will_resize
2026-01-05 11:11:28.226 swift-frontend[77726:10562189] [UIDebug] right_divider_will_resize
2026-01-05 11:11:28.231 swift-frontend[77726:10562189] [UIDebug] sidebar_clamp reason=reflow current=211 desired=220 maxLeft=630 total=904
2026-01-05 11:11:28.232 swift-frontend[77726:10562189] [UIDebug] right_divider_will_resize
2026-01-05 11:11:28.233 swift-frontend[77726:10562189] [UIDebug] right_divider_will_resize
2026-01-05 11:11:28.241 swift-frontend[77726:10562189] [UIDebug] sidebar_split_state width=220 visible=true
2026-01-05 11:11:28.242 swift-frontend[77726:10562189] [UIDebug] right_divider_will_resize
2026-01-05 11:11:28.242 swift-frontend[77726:10562189] [UIDebug] right_divider_will_resize
2026-01-05 11:11:28.245 swift-frontend[77726:10562189] [UIDebug] sidebar_clamp reason=window_resize current=211 desired=220 maxLeft=630 total=904
2026-01-05 11:11:28.254 swift-frontend[77726:10562189] [UIDebug] right_divider_will_resize
2026-01-05 11:11:28.254 swift-frontend[77726:10562189] [UIDebug] right_divider_will_resize
2026-01-05 11:11:28.258 swift-frontend[77726:10562189] [UIDebug] right_divider_will_resize
2026-01-05 11:11:28.259 swift-frontend[77726:10562189] [UIDebug] right_divider_will_resize
2026-01-05 11:11:28.263 swift-frontend[77726:10562189] [UIDebug] sidebar_split_state width=220 visible=true
2026-01-05 11:11:28.263 swift-frontend[77726:10562189] [UIDebug] right_divider_will_resize
2026-01-05 11:11:28.264 swift-frontend[77726:10562189] [UIDebug] right_divider_will_resize
2026-01-05 11:11:28.265 swift-frontend[77726:10562189] [UIDebug] sidebar_clamp reason=reflow current=167 desired=220 maxLeft=447 total=721
2026-01-05 11:11:28.266 swift-frontend[77726:10562189] [UIDebug] right_divider_will_resize
2026-01-05 11:11:28.266 swift-frontend[77726:10562189] [UIDebug] right_divider_will_resize
2026-01-05 11:11:28.272 swift-frontend[77726:10562189] [UIDebug] sidebar_split_state width=220 visible=true
2026-01-05 11:11:28.273 swift-frontend[77726:10562189] [UIDebug] right_divider_will_resize
2026-01-05 11:11:28.273 swift-frontend[77726:10562189] [UIDebug] right_divider_will_resize
2026-01-05 11:11:28.275 swift-frontend[77726:10562189] [UIDebug] sidebar_clamp reason=split_resize current=167 desired=220 maxLeft=447 total=721
2026-01-05 11:11:28.275 swift-frontend[77726:10562189] [UIDebug] sidebar_split_state width=167 visible=true
2026-01-05 11:11:28.280 swift-frontend[77726:10562189] [UIDebug] right_divider_will_resize
2026-01-05 11:11:28.280 swift-frontend[77726:10562189] [UIDebug] right_divider_will_resize
2026-01-05 11:11:28.285 swift-frontend[77726:10562189] [UIDebug] sidebar_split_state width=220 visible=true
2026-01-05 11:11:28.285 swift-frontend[77726:10562189] [UIDebug] right_divider_will_resize
2026-01-05 11:11:28.286 swift-frontend[77726:10562189] [UIDebug] right_divider_will_resize
2026-01-05 11:11:28.288 swift-frontend[77726:10562189] [UIDebug] sidebar_clamp reason=reflow current=167 desired=220 maxLeft=447 total=721
2026-01-05 11:11:28.289 swift-frontend[77726:10562189] [UIDebug] right_divider_will_resize
2026-01-05 11:11:28.289 swift-frontend[77726:10562189] [UIDebug] right_divider_will_resize
2026-01-05 11:11:28.295 swift-frontend[77726:10562189] [UIDebug] sidebar_split_state width=220 visible=true
2026-01-05 11:11:28.295 swift-frontend[77726:10562189] [UIDebug] right_divider_will_resize
2026-01-05 11:11:28.296 swift-frontend[77726:10562189] [UIDebug] right_divider_will_resize
2026-01-05 11:11:28.298 swift-frontend[77726:10562189] [UIDebug] sidebar_clamp reason=split_resize current=167 desired=220 maxLeft=447 total=721
2026-01-05 11:11:28.298 swift-frontend[77726:10562189] [UIDebug] sidebar_split_state width=167 visible=true
2026-01-05 11:11:28.308 swift-frontend[77726:10562189] [UIDebug] right_divider_will_resize
2026-01-05 11:11:28.309 swift-frontend[77726:10562189] [UIDebug] right_divider_will_resize
2026-01-05 11:11:28.320 swift-frontend[77726:10562189] [UIDebug] sidebar_split_state width=220 visible=true
2026-01-05 11:11:28.320 swift-frontend[77726:10562189] [UIDebug] right_divider_will_resize
2026-01-05 11:11:28.321 swift-frontend[77726:10562189] [UIDebug] right_divider_will_resize
2026-01-05 11:11:28.325 swift-frontend[77726:10562189] [UIDebug] sidebar_clamp reason=reflow current=167 desired=220 maxLeft=447 total=721
2026-01-05 11:11:28.327 swift-frontend[77726:10562189] [UIDebug] right_divider_will_resize
2026-01-05 11:11:28.327 swift-frontend[77726:10562189] [UIDebug] right_divider_will_resize
2026-01-05 11:11:28.337 swift-frontend[77726:10562189] [UIDebug] sidebar_split_state width=220 visible=true
2026-01-05 11:11:28.338 swift-frontend[77726:10562189] [UIDebug] right_divider_will_resize
2026-01-05 11:11:28.338 swift-frontend[77726:10562189] [UIDebug] right_divider_will_resize
2026-01-05 11:11:28.342 swift-frontend[77726:10562189] [UIDebug] sidebar_clamp reason=window_resize current=167 desired=220 maxLeft=447 total=721
2026-01-05 11:11:28.350 swift-frontend[77726:10562189] [UIDebug] right_divider_will_resize
2026-01-05 11:11:28.351 swift-frontend[77726:10562189] [UIDebug] right_divider_will_resize
2026-01-05 11:11:28.356 swift-frontend[77726:10562189] [UIDebug] right_divider_will_resize
2026-01-05 11:11:28.356 swift-frontend[77726:10562189] [UIDebug] right_divider_will_resize
2026-01-05 11:11:28.361 swift-frontend[77726:10562189] [UIDebug] sidebar_split_state width=220 visible=true
2026-01-05 11:11:28.361 swift-frontend[77726:10562189] [UIDebug] right_divider_will_resize
2026-01-05 11:11:28.361 swift-frontend[77726:10562189] [UIDebug] right_divider_will_resize
2026-01-05 11:11:28.363 swift-frontend[77726:10562189] [UIDebug] sidebar_clamp reason=reflow current=162 desired=220 maxLeft=425 total=699
2026-01-05 11:11:28.363 swift-frontend[77726:10562189] [UIDebug] right_divider_will_resize
2026-01-05 11:11:28.364 swift-frontend[77726:10562189] [UIDebug] right_divider_will_resize
2026-01-05 11:11:28.368 swift-frontend[77726:10562189] [UIDebug] sidebar_split_state width=220 visible=true
2026-01-05 11:11:28.368 swift-frontend[77726:10562189] [UIDebug] right_divider_will_resize
2026-01-05 11:11:28.368 swift-frontend[77726:10562189] [UIDebug] right_divider_will_resize
2026-01-05 11:11:28.371 swift-frontend[77726:10562189] [UIDebug] sidebar_clamp reason=split_resize current=162 desired=220 maxLeft=425 total=699
2026-01-05 11:11:28.371 swift-frontend[77726:10562189] [UIDebug] sidebar_split_state width=162 visible=true
2026-01-05 11:11:28.376 swift-frontend[77726:10562189] [UIDebug] right_divider_will_resize
2026-01-05 11:11:28.376 swift-frontend[77726:10562189] [UIDebug] right_divider_will_resize
2026-01-05 11:11:28.382 swift-frontend[77726:10562189] [UIDebug] sidebar_split_state width=220 visible=true
2026-01-05 11:11:28.383 swift-frontend[77726:10562189] [UIDebug] right_divider_will_resize
2026-01-05 11:11:28.383 swift-frontend[77726:10562189] [UIDebug] right_divider_will_resize
2026-01-05 11:11:28.385 swift-frontend[77726:10562189] [UIDebug] sidebar_clamp reason=reflow current=162 desired=220 maxLeft=425 total=699
2026-01-05 11:11:28.386 swift-frontend[77726:10562189] [UIDebug] right_divider_will_resize
2026-01-05 11:11:28.386 swift-frontend[77726:10562189] [UIDebug] right_divider_will_resize
2026-01-05 11:11:28.391 swift-frontend[77726:10562189] [UIDebug] sidebar_split_state width=220 visible=true
2026-01-05 11:11:28.391 swift-frontend[77726:10562189] [UIDebug] right_divider_will_resize
2026-01-05 11:11:28.391 swift-frontend[77726:10562189] [UIDebug] right_divider_will_resize
2026-01-05 11:11:28.393 swift-frontend[77726:10562189] [UIDebug] sidebar_clamp reason=split_resize current=162 desired=220 maxLeft=425 total=699
2026-01-05 11:11:28.394 swift-frontend[77726:10562189] [UIDebug] sidebar_split_state width=162 visible=true
2026-01-05 11:11:28.402 swift-frontend[77726:10562189] [UIDebug] right_divider_will_resize
2026-01-05 11:11:28.403 swift-frontend[77726:10562189] [UIDebug] right_divider_will_resize
2026-01-05 11:11:28.413 swift-frontend[77726:10562189] [UIDebug] sidebar_split_state width=220 visible=true
2026-01-05 11:11:28.413 swift-frontend[77726:10562189] [UIDebug] right_divider_will_resize
2026-01-05 11:11:28.413 swift-frontend[77726:10562189] [UIDebug] right_divider_will_resize
2026-01-05 11:11:28.417 swift-frontend[77726:10562189] [UIDebug] sidebar_clamp reason=reflow current=162 desired=220 maxLeft=425 total=699
2026-01-05 11:11:28.419 swift-frontend[77726:10562189] [UIDebug] right_divider_will_resize
2026-01-05 11:11:28.419 swift-frontend[77726:10562189] [UIDebug] right_divider_will_resize
2026-01-05 11:11:28.429 swift-frontend[77726:10562189] [UIDebug] sidebar_split_state width=220 visible=true
2026-01-05 11:11:28.429 swift-frontend[77726:10562189] [UIDebug] right_divider_will_resize
2026-01-05 11:11:28.429 swift-frontend[77726:10562189] [UIDebug] right_divider_will_resize
2026-01-05 11:11:28.433 swift-frontend[77726:10562189] [UIDebug] sidebar_clamp reason=window_resize current=162 desired=220 maxLeft=425 total=699
2026-01-05 11:11:28.442 swift-frontend[77726:10562189] [UIDebug] right_divider_will_resize
2026-01-05 11:11:28.443 swift-frontend[77726:10562189] [UIDebug] right_divider_will_resize
2026-01-05 11:11:28.448 swift-frontend[77726:10562189] [UIDebug] right_divider_will_resize
2026-01-05 11:11:28.448 swift-frontend[77726:10562189] [UIDebug] right_divider_will_resize
2026-01-05 11:11:28.453 swift-frontend[77726:10562189] [UIDebug] sidebar_split_state width=220 visible=true
2026-01-05 11:11:28.453 swift-frontend[77726:10562189] [UIDebug] right_divider_will_resize
2026-01-05 11:11:28.454 swift-frontend[77726:10562189] [UIDebug] right_divider_will_resize
2026-01-05 11:11:28.456 swift-frontend[77726:10562189] [UIDebug] sidebar_clamp reason=reflow current=162 desired=220 maxLeft=423 total=697
2026-01-05 11:11:28.456 swift-frontend[77726:10562189] [UIDebug] right_divider_will_resize
2026-01-05 11:11:28.456 swift-frontend[77726:10562189] [UIDebug] right_divider_will_resize
2026-01-05 11:11:28.461 swift-frontend[77726:10562189] [UIDebug] sidebar_split_state width=220 visible=true
2026-01-05 11:11:28.462 swift-frontend[77726:10562189] [UIDebug] right_divider_will_resize
2026-01-05 11:11:28.462 swift-frontend[77726:10562189] [UIDebug] right_divider_will_resize
2026-01-05 11:11:28.464 swift-frontend[77726:10562189] [UIDebug] sidebar_clamp reason=split_resize current=162 desired=220 maxLeft=423 total=697
2026-01-05 11:11:28.464 swift-frontend[77726:10562189] [UIDebug] sidebar_split_state width=162 visible=true
2026-01-05 11:11:28.468 swift-frontend[77726:10562189] [UIDebug] right_divider_will_resize
2026-01-05 11:11:28.469 swift-frontend[77726:10562189] [UIDebug] right_divider_will_resize
2026-01-05 11:11:28.474 swift-frontend[77726:10562189] [UIDebug] sidebar_split_state width=220 visible=true
2026-01-05 11:11:28.474 swift-frontend[77726:10562189] [UIDebug] right_divider_will_resize
2026-01-05 11:11:28.474 swift-frontend[77726:10562189] [UIDebug] right_divider_will_resize
2026-01-05 11:11:28.476 swift-frontend[77726:10562189] [UIDebug] sidebar_clamp reason=reflow current=162 desired=220 maxLeft=423 total=697
2026-01-05 11:11:28.477 swift-frontend[77726:10562189] [UIDebug] right_divider_will_resize
2026-01-05 11:11:28.477 swift-frontend[77726:10562189] [UIDebug] right_divider_will_resize
2026-01-05 11:11:28.482 swift-frontend[77726:10562189] [UIDebug] sidebar_split_state width=220 visible=true
2026-01-05 11:11:28.482 swift-frontend[77726:10562189] [UIDebug] right_divider_will_resize
2026-01-05 11:11:28.483 swift-frontend[77726:10562189] [UIDebug] right_divider_will_resize
2026-01-05 11:11:28.484 swift-frontend[77726:10562189] [UIDebug] sidebar_clamp reason=split_resize current=162 desired=220 maxLeft=423 total=697
2026-01-05 11:11:28.485 swift-frontend[77726:10562189] [UIDebug] sidebar_split_state width=162 visible=true
2026-01-05 11:11:28.493 swift-frontend[77726:10562189] [UIDebug] right_divider_will_resize
2026-01-05 11:11:28.494 swift-frontend[77726:10562189] [UIDebug] right_divider_will_resize
2026-01-05 11:11:28.503 swift-frontend[77726:10562189] [UIDebug] sidebar_split_state width=220 visible=true
2026-01-05 11:11:28.504 swift-frontend[77726:10562189] [UIDebug] right_divider_will_resize
2026-01-05 11:11:28.504 swift-frontend[77726:10562189] [UIDebug] right_divider_will_resize
2026-01-05 11:11:28.508 swift-frontend[77726:10562189] [UIDebug] sidebar_clamp reason=reflow current=162 desired=220 maxLeft=423 total=697
2026-01-05 11:11:28.509 swift-frontend[77726:10562189] [UIDebug] right_divider_will_resize
2026-01-05 11:11:28.510 swift-frontend[77726:10562189] [UIDebug] right_divider_will_resize
2026-01-05 11:11:28.518 swift-frontend[77726:10562189] [UIDebug] sidebar_split_state width=220 visible=true
2026-01-05 11:11:28.519 swift-frontend[77726:10562189] [UIDebug] right_divider_will_resize
2026-01-05 11:11:28.519 swift-frontend[77726:10562189] [UIDebug] right_divider_will_resize
2026-01-05 11:11:28.523 swift-frontend[77726:10562189] [UIDebug] sidebar_clamp reason=window_resize current=162 desired=220 maxLeft=423 total=697
2026-01-05 11:11:28.533 swift-frontend[77726:10562189] [UIDebug] divider_hover begin location=205.0,522.0
2026-01-05 11:11:28.541 swift-frontend[77726:10562189] [UIDebug] divider_hover end
2026-01-05 11:12:18.054 swift-frontend[77726:10562189] [UIDebug] right_divider_will_resize
2026-01-05 11:12:18.054 swift-frontend[77726:10562189] [UIDebug] right_divider_will_resize
2026-01-05 11:12:18.060 swift-frontend[77726:10562189] [UIDebug] right_divider_will_resize
2026-01-05 11:12:18.060 swift-frontend[77726:10562189] [UIDebug] right_divider_will_resize
2026-01-05 11:12:18.067 swift-frontend[77726:10562189] [UIDebug] sidebar_split_state width=220 visible=true
2026-01-05 11:12:18.069 swift-frontend[77726:10562189] [UIDebug] sidebar_clamp reason=reflow current=162 desired=220 maxLeft=422 total=696
2026-01-05 11:12:18.069 swift-frontend[77726:10562189] [UIDebug] sidebar_split_state width=220 visible=true
2026-01-05 11:12:18.075 swift-frontend[77726:10562189] [UIDebug] sidebar_split_state width=220 visible=true
2026-01-05 11:12:20.012 swift-frontend[77726:10562189] [UIDebug] right_divider_will_resize
2026-01-05 11:12:20.012 swift-frontend[77726:10562189] [UIDebug] right_divider_will_resize
2026-01-05 11:12:20.018 swift-frontend[77726:10562189] [UIDebug] sidebar_split_state width=220 visible=true
2026-01-05 11:12:20.023 swift-frontend[77726:10562189] [UIDebug] sidebar_split_state width=220 visible=true
2026-01-05 11:12:32.591 swift-frontend[77726:10562189] [UIDebug] right_divider_will_resize
2026-01-05 11:12:32.591 swift-frontend[77726:10562189] [UIDebug] right_divider_will_resize
2026-01-05 11:12:32.596 swift-frontend[77726:10562189] [UIDebug] sidebar_split_state width=220 visible=true
2026-01-05 11:12:32.601 swift-frontend[77726:10562189] [UIDebug] sidebar_split_state width=220 visible=true
2026-01-05 11:12:34.538 swift-frontend[77726:10562189] [UIDebug] right_divider_will_resize
2026-01-05 11:12:34.538 swift-frontend[77726:10562189] [UIDebug] right_divider_will_resize
2026-01-05 11:12:34.544 swift-frontend[77726:10562189] [UIDebug] sidebar_split_state width=220 visible=true
2026-01-05 11:12:34.549 swift-frontend[77726:10562189] [UIDebug] sidebar_split_state width=220 visible=true
